<?xml version="1.0" encoding="utf-8"?>
<CoverageSession>
  <Summary numSequencePoints="1478" visitedSequencePoints="289" numBranchPoints="198" visitedBranchPoints="41" sequenceCoverage="19.55" branchCoverage="20.7" maxCyclomaticComplexity="204" minCyclomaticComplexity="51" visitedClasses="27" numClasses="162" visitedMethods="87" numMethods="284" />
  <Modules>
    <Module hash="62C1620E-35C1-4C19-B582-FD654DA2CC9A">
      <ModulePath>HypeSoft.API.dll</ModulePath>
      <ModuleTime>2025-11-30T08:10:48</ModuleTime>
      <ModuleName>HypeSoft.API</ModuleName>
      <Files>
        <File uid="1" fullPath="C:\Users\fkdia\Desktop\projetos\desafio-1\backend\src\HypeSoft.API\Program.cs" />
        <File uid="2" fullPath="C:\Users\fkdia\Desktop\projetos\desafio-1\backend\src\HypeSoft.API\Middlewares\CorrelationIdMiddleware.cs" />
        <File uid="3" fullPath="C:\Users\fkdia\Desktop\projetos\desafio-1\backend\src\HypeSoft.API\Middlewares\SecurityHeadersMiddleware.cs" />
        <File uid="4" fullPath="C:\Users\fkdia\Desktop\projetos\desafio-1\backend\src\HypeSoft.API\Middlewares\ValidationExceptionMiddleware.cs" />
        <File uid="5" fullPath="C:\Users\fkdia\Desktop\projetos\desafio-1\backend\src\HypeSoft.API\Extensions\DatabaseSeeder.cs" />
        <File uid="6" fullPath="C:\Users\fkdia\Desktop\projetos\desafio-1\backend\src\HypeSoft.API\Controllers\AuthController.cs" />
        <File uid="7" fullPath="C:\Users\fkdia\Desktop\projetos\desafio-1\backend\src\HypeSoft.API\Controllers\CategoriesController.cs" />
        <File uid="8" fullPath="C:\Users\fkdia\Desktop\projetos\desafio-1\backend\src\HypeSoft.API\Controllers\DashboardController.cs" />
        <File uid="9" fullPath="C:\Users\fkdia\Desktop\projetos\desafio-1\backend\src\HypeSoft.API\Controllers\ProductsController.cs" />
      </Files>
      <Classes>
        <Class>
          <Summary numSequencePoints="170" visitedSequencePoints="0" numBranchPoints="6" visitedBranchPoints="0" sequenceCoverage="0" branchCoverage="0" maxCyclomaticComplexity="6" minCyclomaticComplexity="6" visitedClasses="0" numClasses="1" visitedMethods="0" numMethods="1" />
          <FullName>Program/&lt;&lt;Main&gt;$&gt;d__0</FullName>
          <Methods>
            <Method cyclomaticComplexity="6" nPathComplexity="6" sequenceCoverage="0" branchCoverage="0" isConstructor="False" isGetter="False" isSetter="False" isStatic="True">
              <Summary numSequencePoints="170" visitedSequencePoints="0" numBranchPoints="6" visitedBranchPoints="0" sequenceCoverage="0" branchCoverage="0" maxCyclomaticComplexity="6" minCyclomaticComplexity="6" visitedClasses="0" numClasses="0" visitedMethods="0" numMethods="1" />
              <MetadataToken />
              <Name>System.Void Program/&lt;&lt;Main&gt;$&gt;d__0::MoveNext()</Name>
              <FileRef uid="1" />
              <SequencePoints>
                <SequencePoint vc="0" uspid="16" ordinal="0" sl="16" sc="1" el="16" ec="2" bec="0" bev="0" fileid="1" />
                <SequencePoint vc="0" uspid="19" ordinal="1" sl="19" sc="1" el="19" ec="2" bec="0" bev="0" fileid="1" />
                <SequencePoint vc="0" uspid="20" ordinal="2" sl="20" sc="1" el="20" ec="2" bec="0" bev="0" fileid="1" />
                <SequencePoint vc="0" uspid="21" ordinal="3" sl="21" sc="1" el="21" ec="2" bec="0" bev="0" fileid="1" />
                <SequencePoint vc="0" uspid="22" ordinal="4" sl="22" sc="1" el="22" ec="2" bec="0" bev="0" fileid="1" />
                <SequencePoint vc="0" uspid="23" ordinal="5" sl="23" sc="1" el="23" ec="2" bec="0" bev="0" fileid="1" />
                <SequencePoint vc="0" uspid="25" ordinal="6" sl="25" sc="1" el="25" ec="2" bec="0" bev="0" fileid="1" />
                <SequencePoint vc="0" uspid="28" ordinal="7" sl="28" sc="1" el="28" ec="2" bec="0" bev="0" fileid="1" />
                <SequencePoint vc="0" uspid="29" ordinal="8" sl="29" sc="1" el="29" ec="2" bec="0" bev="0" fileid="1" />
                <SequencePoint vc="0" uspid="30" ordinal="9" sl="30" sc="1" el="30" ec="2" bec="0" bev="0" fileid="1" />
                <SequencePoint vc="0" uspid="33" ordinal="10" sl="33" sc="1" el="33" ec="2" bec="0" bev="0" fileid="1" />
                <SequencePoint vc="0" uspid="34" ordinal="11" sl="34" sc="1" el="34" ec="2" bec="0" bev="0" fileid="1" />
                <SequencePoint vc="0" uspid="35" ordinal="12" sl="35" sc="1" el="35" ec="2" bec="0" bev="0" fileid="1" />
                <SequencePoint vc="0" uspid="36" ordinal="13" sl="36" sc="1" el="36" ec="2" bec="0" bev="0" fileid="1" />
                <SequencePoint vc="0" uspid="37" ordinal="14" sl="37" sc="1" el="37" ec="2" bec="0" bev="0" fileid="1" />
                <SequencePoint vc="0" uspid="38" ordinal="15" sl="38" sc="1" el="38" ec="2" bec="0" bev="0" fileid="1" />
                <SequencePoint vc="0" uspid="41" ordinal="16" sl="41" sc="1" el="41" ec="2" bec="0" bev="0" fileid="1" />
                <SequencePoint vc="0" uspid="42" ordinal="17" sl="42" sc="1" el="42" ec="2" bec="0" bev="0" fileid="1" />
                <SequencePoint vc="0" uspid="45" ordinal="18" sl="45" sc="1" el="45" ec="2" bec="0" bev="0" fileid="1" />
                <SequencePoint vc="0" uspid="48" ordinal="19" sl="48" sc="1" el="48" ec="2" bec="0" bev="0" fileid="1" />
                <SequencePoint vc="0" uspid="49" ordinal="20" sl="49" sc="1" el="49" ec="2" bec="0" bev="0" fileid="1" />
                <SequencePoint vc="0" uspid="50" ordinal="21" sl="50" sc="1" el="50" ec="2" bec="0" bev="0" fileid="1" />
                <SequencePoint vc="0" uspid="51" ordinal="22" sl="51" sc="1" el="51" ec="2" bec="0" bev="0" fileid="1" />
                <SequencePoint vc="0" uspid="52" ordinal="23" sl="52" sc="1" el="52" ec="2" bec="0" bev="0" fileid="1" />
                <SequencePoint vc="0" uspid="53" ordinal="24" sl="53" sc="1" el="53" ec="2" bec="0" bev="0" fileid="1" />
                <SequencePoint vc="0" uspid="54" ordinal="25" sl="54" sc="1" el="54" ec="2" bec="0" bev="0" fileid="1" />
                <SequencePoint vc="0" uspid="57" ordinal="26" sl="57" sc="1" el="57" ec="2" bec="0" bev="0" fileid="1" />
                <SequencePoint vc="0" uspid="60" ordinal="27" sl="60" sc="1" el="60" ec="2" bec="0" bev="0" fileid="1" />
                <SequencePoint vc="0" uspid="63" ordinal="28" sl="63" sc="1" el="63" ec="2" bec="0" bev="0" fileid="1" />
                <SequencePoint vc="0" uspid="66" ordinal="29" sl="66" sc="1" el="66" ec="2" bec="0" bev="0" fileid="1" />
                <SequencePoint vc="0" uspid="69" ordinal="30" sl="69" sc="1" el="69" ec="2" bec="0" bev="0" fileid="1" />
                <SequencePoint vc="0" uspid="70" ordinal="31" sl="70" sc="1" el="70" ec="2" bec="0" bev="0" fileid="1" />
                <SequencePoint vc="0" uspid="71" ordinal="32" sl="71" sc="1" el="71" ec="2" bec="0" bev="0" fileid="1" />
                <SequencePoint vc="0" uspid="72" ordinal="33" sl="72" sc="1" el="72" ec="2" bec="0" bev="0" fileid="1" />
                <SequencePoint vc="0" uspid="73" ordinal="34" sl="73" sc="1" el="73" ec="2" bec="0" bev="0" fileid="1" />
                <SequencePoint vc="0" uspid="74" ordinal="35" sl="74" sc="1" el="74" ec="2" bec="0" bev="0" fileid="1" />
                <SequencePoint vc="0" uspid="75" ordinal="36" sl="75" sc="1" el="75" ec="2" bec="0" bev="0" fileid="1" />
                <SequencePoint vc="0" uspid="76" ordinal="37" sl="76" sc="1" el="76" ec="2" bec="0" bev="0" fileid="1" />
                <SequencePoint vc="0" uspid="77" ordinal="38" sl="77" sc="1" el="77" ec="2" bec="0" bev="0" fileid="1" />
                <SequencePoint vc="0" uspid="78" ordinal="39" sl="78" sc="1" el="78" ec="2" bec="0" bev="0" fileid="1" />
                <SequencePoint vc="0" uspid="79" ordinal="40" sl="79" sc="1" el="79" ec="2" bec="0" bev="0" fileid="1" />
                <SequencePoint vc="0" uspid="80" ordinal="41" sl="80" sc="1" el="80" ec="2" bec="0" bev="0" fileid="1" />
                <SequencePoint vc="0" uspid="81" ordinal="42" sl="81" sc="1" el="81" ec="2" bec="0" bev="0" fileid="1" />
                <SequencePoint vc="0" uspid="82" ordinal="43" sl="82" sc="1" el="82" ec="2" bec="0" bev="0" fileid="1" />
                <SequencePoint vc="0" uspid="83" ordinal="44" sl="83" sc="1" el="83" ec="2" bec="0" bev="0" fileid="1" />
                <SequencePoint vc="0" uspid="84" ordinal="45" sl="84" sc="1" el="84" ec="2" bec="0" bev="0" fileid="1" />
                <SequencePoint vc="0" uspid="85" ordinal="46" sl="85" sc="1" el="85" ec="2" bec="0" bev="0" fileid="1" />
                <SequencePoint vc="0" uspid="86" ordinal="47" sl="86" sc="1" el="86" ec="2" bec="0" bev="0" fileid="1" />
                <SequencePoint vc="0" uspid="87" ordinal="48" sl="87" sc="1" el="87" ec="2" bec="0" bev="0" fileid="1" />
                <SequencePoint vc="0" uspid="88" ordinal="49" sl="88" sc="1" el="88" ec="2" bec="0" bev="0" fileid="1" />
                <SequencePoint vc="0" uspid="89" ordinal="50" sl="89" sc="1" el="89" ec="2" bec="0" bev="0" fileid="1" />
                <SequencePoint vc="0" uspid="90" ordinal="51" sl="90" sc="1" el="90" ec="2" bec="0" bev="0" fileid="1" />
                <SequencePoint vc="0" uspid="91" ordinal="52" sl="91" sc="1" el="91" ec="2" bec="0" bev="0" fileid="1" />
                <SequencePoint vc="0" uspid="92" ordinal="53" sl="92" sc="1" el="92" ec="2" bec="0" bev="0" fileid="1" />
                <SequencePoint vc="0" uspid="93" ordinal="54" sl="93" sc="1" el="93" ec="2" bec="0" bev="0" fileid="1" />
                <SequencePoint vc="0" uspid="94" ordinal="55" sl="94" sc="1" el="94" ec="2" bec="0" bev="0" fileid="1" />
                <SequencePoint vc="0" uspid="95" ordinal="56" sl="95" sc="1" el="95" ec="2" bec="0" bev="0" fileid="1" />
                <SequencePoint vc="0" uspid="96" ordinal="57" sl="96" sc="1" el="96" ec="2" bec="0" bev="0" fileid="1" />
                <SequencePoint vc="0" uspid="97" ordinal="58" sl="97" sc="1" el="97" ec="2" bec="0" bev="0" fileid="1" />
                <SequencePoint vc="0" uspid="98" ordinal="59" sl="98" sc="1" el="98" ec="2" bec="0" bev="0" fileid="1" />
                <SequencePoint vc="0" uspid="99" ordinal="60" sl="99" sc="1" el="99" ec="2" bec="0" bev="0" fileid="1" />
                <SequencePoint vc="0" uspid="100" ordinal="61" sl="100" sc="1" el="100" ec="2" bec="0" bev="0" fileid="1" />
                <SequencePoint vc="0" uspid="101" ordinal="62" sl="101" sc="1" el="101" ec="2" bec="0" bev="0" fileid="1" />
                <SequencePoint vc="0" uspid="102" ordinal="63" sl="102" sc="1" el="102" ec="2" bec="0" bev="0" fileid="1" />
                <SequencePoint vc="0" uspid="103" ordinal="64" sl="103" sc="1" el="103" ec="2" bec="0" bev="0" fileid="1" />
                <SequencePoint vc="0" uspid="104" ordinal="65" sl="104" sc="1" el="104" ec="2" bec="0" bev="0" fileid="1" />
                <SequencePoint vc="0" uspid="105" ordinal="66" sl="105" sc="1" el="105" ec="2" bec="0" bev="0" fileid="1" />
                <SequencePoint vc="0" uspid="106" ordinal="67" sl="106" sc="1" el="106" ec="2" bec="0" bev="0" fileid="1" />
                <SequencePoint vc="0" uspid="107" ordinal="68" sl="107" sc="1" el="107" ec="2" bec="0" bev="0" fileid="1" />
                <SequencePoint vc="0" uspid="108" ordinal="69" sl="108" sc="1" el="108" ec="2" bec="0" bev="0" fileid="1" />
                <SequencePoint vc="0" uspid="109" ordinal="70" sl="109" sc="1" el="109" ec="2" bec="0" bev="0" fileid="1" />
                <SequencePoint vc="0" uspid="110" ordinal="71" sl="110" sc="1" el="110" ec="2" bec="0" bev="0" fileid="1" />
                <SequencePoint vc="0" uspid="111" ordinal="72" sl="111" sc="1" el="111" ec="2" bec="0" bev="0" fileid="1" />
                <SequencePoint vc="0" uspid="112" ordinal="73" sl="112" sc="1" el="112" ec="2" bec="0" bev="0" fileid="1" />
                <SequencePoint vc="0" uspid="113" ordinal="74" sl="113" sc="1" el="113" ec="2" bec="0" bev="0" fileid="1" />
                <SequencePoint vc="0" uspid="114" ordinal="75" sl="114" sc="1" el="114" ec="2" bec="0" bev="0" fileid="1" />
                <SequencePoint vc="0" uspid="115" ordinal="76" sl="115" sc="1" el="115" ec="2" bec="0" bev="0" fileid="1" />
                <SequencePoint vc="0" uspid="116" ordinal="77" sl="116" sc="1" el="116" ec="2" bec="0" bev="0" fileid="1" />
                <SequencePoint vc="0" uspid="117" ordinal="78" sl="117" sc="1" el="117" ec="2" bec="0" bev="0" fileid="1" />
                <SequencePoint vc="0" uspid="118" ordinal="79" sl="118" sc="1" el="118" ec="2" bec="0" bev="0" fileid="1" />
                <SequencePoint vc="0" uspid="119" ordinal="80" sl="119" sc="1" el="119" ec="2" bec="0" bev="0" fileid="1" />
                <SequencePoint vc="0" uspid="120" ordinal="81" sl="120" sc="1" el="120" ec="2" bec="0" bev="0" fileid="1" />
                <SequencePoint vc="0" uspid="121" ordinal="82" sl="121" sc="1" el="121" ec="2" bec="0" bev="0" fileid="1" />
                <SequencePoint vc="0" uspid="122" ordinal="83" sl="122" sc="1" el="122" ec="2" bec="0" bev="0" fileid="1" />
                <SequencePoint vc="0" uspid="123" ordinal="84" sl="123" sc="1" el="123" ec="2" bec="0" bev="0" fileid="1" />
                <SequencePoint vc="0" uspid="124" ordinal="85" sl="124" sc="1" el="124" ec="2" bec="0" bev="0" fileid="1" />
                <SequencePoint vc="0" uspid="125" ordinal="86" sl="125" sc="1" el="125" ec="2" bec="0" bev="0" fileid="1" />
                <SequencePoint vc="0" uspid="126" ordinal="87" sl="126" sc="1" el="126" ec="2" bec="0" bev="0" fileid="1" />
                <SequencePoint vc="0" uspid="127" ordinal="88" sl="127" sc="1" el="127" ec="2" bec="0" bev="0" fileid="1" />
                <SequencePoint vc="0" uspid="128" ordinal="89" sl="128" sc="1" el="128" ec="2" bec="2" bev="0" fileid="1" />
                <SequencePoint vc="0" uspid="129" ordinal="90" sl="129" sc="1" el="129" ec="2" bec="0" bev="0" fileid="1" />
                <SequencePoint vc="0" uspid="130" ordinal="91" sl="130" sc="1" el="130" ec="2" bec="0" bev="0" fileid="1" />
                <SequencePoint vc="0" uspid="131" ordinal="92" sl="131" sc="1" el="131" ec="2" bec="0" bev="0" fileid="1" />
                <SequencePoint vc="0" uspid="132" ordinal="93" sl="132" sc="1" el="132" ec="2" bec="0" bev="0" fileid="1" />
                <SequencePoint vc="0" uspid="135" ordinal="94" sl="135" sc="1" el="135" ec="2" bec="0" bev="0" fileid="1" />
                <SequencePoint vc="0" uspid="136" ordinal="95" sl="136" sc="1" el="136" ec="2" bec="0" bev="0" fileid="1" />
                <SequencePoint vc="0" uspid="137" ordinal="96" sl="137" sc="1" el="137" ec="2" bec="0" bev="0" fileid="1" />
                <SequencePoint vc="0" uspid="138" ordinal="97" sl="138" sc="1" el="138" ec="2" bec="0" bev="0" fileid="1" />
                <SequencePoint vc="0" uspid="139" ordinal="98" sl="139" sc="1" el="139" ec="2" bec="0" bev="0" fileid="1" />
                <SequencePoint vc="0" uspid="140" ordinal="99" sl="140" sc="1" el="140" ec="2" bec="0" bev="0" fileid="1" />
                <SequencePoint vc="0" uspid="141" ordinal="100" sl="141" sc="1" el="141" ec="2" bec="0" bev="0" fileid="1" />
                <SequencePoint vc="0" uspid="142" ordinal="101" sl="142" sc="1" el="142" ec="2" bec="0" bev="0" fileid="1" />
                <SequencePoint vc="0" uspid="143" ordinal="102" sl="143" sc="1" el="143" ec="2" bec="0" bev="0" fileid="1" />
                <SequencePoint vc="0" uspid="146" ordinal="103" sl="146" sc="1" el="146" ec="2" bec="0" bev="0" fileid="1" />
                <SequencePoint vc="0" uspid="147" ordinal="104" sl="147" sc="1" el="147" ec="2" bec="0" bev="0" fileid="1" />
                <SequencePoint vc="0" uspid="148" ordinal="105" sl="148" sc="1" el="148" ec="2" bec="0" bev="0" fileid="1" />
                <SequencePoint vc="0" uspid="149" ordinal="106" sl="149" sc="1" el="149" ec="2" bec="0" bev="0" fileid="1" />
                <SequencePoint vc="0" uspid="150" ordinal="107" sl="150" sc="1" el="150" ec="2" bec="0" bev="0" fileid="1" />
                <SequencePoint vc="0" uspid="151" ordinal="108" sl="151" sc="1" el="151" ec="2" bec="2" bev="0" fileid="1" />
                <SequencePoint vc="0" uspid="152" ordinal="109" sl="152" sc="1" el="152" ec="2" bec="0" bev="0" fileid="1" />
                <SequencePoint vc="0" uspid="153" ordinal="110" sl="153" sc="1" el="153" ec="2" bec="0" bev="0" fileid="1" />
                <SequencePoint vc="0" uspid="154" ordinal="111" sl="154" sc="1" el="154" ec="2" bec="0" bev="0" fileid="1" />
                <SequencePoint vc="0" uspid="155" ordinal="112" sl="155" sc="1" el="155" ec="2" bec="0" bev="0" fileid="1" />
                <SequencePoint vc="0" uspid="156" ordinal="113" sl="156" sc="1" el="156" ec="2" bec="0" bev="0" fileid="1" />
                <SequencePoint vc="0" uspid="157" ordinal="114" sl="157" sc="1" el="157" ec="2" bec="0" bev="0" fileid="1" />
                <SequencePoint vc="0" uspid="158" ordinal="115" sl="158" sc="1" el="158" ec="2" bec="0" bev="0" fileid="1" />
                <SequencePoint vc="0" uspid="160" ordinal="116" sl="160" sc="1" el="160" ec="2" bec="0" bev="0" fileid="1" />
                <SequencePoint vc="0" uspid="163" ordinal="117" sl="163" sc="1" el="163" ec="2" bec="0" bev="0" fileid="1" />
                <SequencePoint vc="0" uspid="164" ordinal="118" sl="164" sc="1" el="164" ec="2" bec="0" bev="0" fileid="1" />
                <SequencePoint vc="0" uspid="165" ordinal="119" sl="165" sc="1" el="165" ec="2" bec="0" bev="0" fileid="1" />
                <SequencePoint vc="0" uspid="166" ordinal="120" sl="166" sc="1" el="166" ec="2" bec="0" bev="0" fileid="1" />
                <SequencePoint vc="0" uspid="167" ordinal="121" sl="167" sc="1" el="167" ec="2" bec="0" bev="0" fileid="1" />
                <SequencePoint vc="0" uspid="168" ordinal="122" sl="168" sc="1" el="168" ec="2" bec="0" bev="0" fileid="1" />
                <SequencePoint vc="0" uspid="169" ordinal="123" sl="169" sc="1" el="169" ec="2" bec="0" bev="0" fileid="1" />
                <SequencePoint vc="0" uspid="170" ordinal="124" sl="170" sc="1" el="170" ec="2" bec="0" bev="0" fileid="1" />
                <SequencePoint vc="0" uspid="171" ordinal="125" sl="171" sc="1" el="171" ec="2" bec="0" bev="0" fileid="1" />
                <SequencePoint vc="0" uspid="172" ordinal="126" sl="172" sc="1" el="172" ec="2" bec="0" bev="0" fileid="1" />
                <SequencePoint vc="0" uspid="173" ordinal="127" sl="173" sc="1" el="173" ec="2" bec="0" bev="0" fileid="1" />
                <SequencePoint vc="0" uspid="174" ordinal="128" sl="174" sc="1" el="174" ec="2" bec="0" bev="0" fileid="1" />
                <SequencePoint vc="0" uspid="175" ordinal="129" sl="175" sc="1" el="175" ec="2" bec="0" bev="0" fileid="1" />
                <SequencePoint vc="0" uspid="176" ordinal="130" sl="176" sc="1" el="176" ec="2" bec="0" bev="0" fileid="1" />
                <SequencePoint vc="0" uspid="177" ordinal="131" sl="177" sc="1" el="177" ec="2" bec="0" bev="0" fileid="1" />
                <SequencePoint vc="0" uspid="178" ordinal="132" sl="178" sc="1" el="178" ec="2" bec="0" bev="0" fileid="1" />
                <SequencePoint vc="0" uspid="179" ordinal="133" sl="179" sc="1" el="179" ec="2" bec="0" bev="0" fileid="1" />
                <SequencePoint vc="0" uspid="180" ordinal="134" sl="180" sc="1" el="180" ec="2" bec="0" bev="0" fileid="1" />
                <SequencePoint vc="0" uspid="181" ordinal="135" sl="181" sc="1" el="181" ec="2" bec="0" bev="0" fileid="1" />
                <SequencePoint vc="0" uspid="182" ordinal="136" sl="182" sc="1" el="182" ec="2" bec="0" bev="0" fileid="1" />
                <SequencePoint vc="0" uspid="183" ordinal="137" sl="183" sc="1" el="183" ec="2" bec="0" bev="0" fileid="1" />
                <SequencePoint vc="0" uspid="184" ordinal="138" sl="184" sc="1" el="184" ec="2" bec="0" bev="0" fileid="1" />
                <SequencePoint vc="0" uspid="185" ordinal="139" sl="185" sc="1" el="185" ec="2" bec="0" bev="0" fileid="1" />
                <SequencePoint vc="0" uspid="186" ordinal="140" sl="186" sc="1" el="186" ec="2" bec="0" bev="0" fileid="1" />
                <SequencePoint vc="0" uspid="188" ordinal="141" sl="188" sc="1" el="188" ec="2" bec="0" bev="0" fileid="1" />
                <SequencePoint vc="0" uspid="189" ordinal="142" sl="189" sc="1" el="189" ec="2" bec="0" bev="0" fileid="1" />
                <SequencePoint vc="0" uspid="190" ordinal="143" sl="190" sc="1" el="190" ec="2" bec="0" bev="0" fileid="1" />
                <SequencePoint vc="0" uspid="191" ordinal="144" sl="191" sc="1" el="191" ec="2" bec="0" bev="0" fileid="1" />
                <SequencePoint vc="0" uspid="192" ordinal="145" sl="192" sc="1" el="192" ec="2" bec="0" bev="0" fileid="1" />
                <SequencePoint vc="0" uspid="195" ordinal="146" sl="195" sc="1" el="195" ec="2" bec="0" bev="0" fileid="1" />
                <SequencePoint vc="0" uspid="197" ordinal="147" sl="197" sc="1" el="197" ec="2" bec="0" bev="0" fileid="1" />
                <SequencePoint vc="0" uspid="200" ordinal="148" sl="200" sc="1" el="200" ec="2" bec="2" bev="0" fileid="1" />
                <SequencePoint vc="0" uspid="201" ordinal="149" sl="201" sc="1" el="201" ec="2" bec="0" bev="0" fileid="1" />
                <SequencePoint vc="0" uspid="202" ordinal="150" sl="202" sc="1" el="202" ec="2" bec="0" bev="0" fileid="1" />
                <SequencePoint vc="0" uspid="203" ordinal="151" sl="203" sc="1" el="203" ec="2" bec="0" bev="0" fileid="1" />
                <SequencePoint vc="0" uspid="204" ordinal="152" sl="204" sc="1" el="204" ec="2" bec="0" bev="0" fileid="1" />
                <SequencePoint vc="0" uspid="206" ordinal="153" sl="206" sc="1" el="206" ec="2" bec="0" bev="0" fileid="1" />
                <SequencePoint vc="0" uspid="209" ordinal="154" sl="209" sc="1" el="209" ec="2" bec="0" bev="0" fileid="1" />
                <SequencePoint vc="0" uspid="212" ordinal="155" sl="212" sc="1" el="212" ec="2" bec="0" bev="0" fileid="1" />
                <SequencePoint vc="0" uspid="215" ordinal="156" sl="215" sc="1" el="215" ec="2" bec="0" bev="0" fileid="1" />
                <SequencePoint vc="0" uspid="218" ordinal="157" sl="218" sc="1" el="218" ec="2" bec="0" bev="0" fileid="1" />
                <SequencePoint vc="0" uspid="220" ordinal="158" sl="220" sc="1" el="220" ec="2" bec="0" bev="0" fileid="1" />
                <SequencePoint vc="0" uspid="222" ordinal="159" sl="222" sc="1" el="222" ec="2" bec="0" bev="0" fileid="1" />
                <SequencePoint vc="0" uspid="223" ordinal="160" sl="223" sc="1" el="223" ec="2" bec="0" bev="0" fileid="1" />
                <SequencePoint vc="0" uspid="225" ordinal="161" sl="225" sc="1" el="225" ec="2" bec="0" bev="0" fileid="1" />
                <SequencePoint vc="0" uspid="226" ordinal="162" sl="226" sc="1" el="226" ec="2" bec="0" bev="0" fileid="1" />
                <SequencePoint vc="0" uspid="229" ordinal="163" sl="229" sc="1" el="229" ec="2" bec="0" bev="0" fileid="1" />
                <SequencePoint vc="0" uspid="230" ordinal="164" sl="230" sc="1" el="230" ec="2" bec="0" bev="0" fileid="1" />
                <SequencePoint vc="0" uspid="231" ordinal="165" sl="231" sc="1" el="231" ec="2" bec="0" bev="0" fileid="1" />
                <SequencePoint vc="0" uspid="234" ordinal="166" sl="234" sc="1" el="234" ec="2" bec="0" bev="0" fileid="1" />
                <SequencePoint vc="0" uspid="237" ordinal="167" sl="237" sc="1" el="237" ec="2" bec="0" bev="0" fileid="1" />
                <SequencePoint vc="0" uspid="238" ordinal="168" sl="238" sc="1" el="238" ec="2" bec="0" bev="0" fileid="1" />
                <SequencePoint vc="0" uspid="240" ordinal="169" sl="240" sc="1" el="240" ec="2" bec="0" bev="0" fileid="1" />
              </SequencePoints>
              <BranchPoints>
                <BranchPoint vc="0" uspid="200" ordinal="0" path="0" offset="965" offsetend="967" sl="200" fileid="1" />
                <BranchPoint vc="0" uspid="200" ordinal="1" path="1" offset="965" offsetend="995" sl="200" fileid="1" />
                <BranchPoint vc="0" uspid="128" ordinal="0" path="0" offset="271" offsetend="273" sl="128" fileid="1" />
                <BranchPoint vc="0" uspid="128" ordinal="1" path="1" offset="271" offsetend="284" sl="128" fileid="1" />
                <BranchPoint vc="0" uspid="151" ordinal="0" path="0" offset="80" offsetend="82" sl="151" fileid="1" />
                <BranchPoint vc="0" uspid="151" ordinal="1" path="1" offset="80" offsetend="88" sl="151" fileid="1" />
              </BranchPoints>
              <MethodPoint vc="0" uspid="0" p8:type="SequencePoint" ordinal="0" offset="0" sc="0" sl="16" ec="1" el="240" bec="0" bev="0" fileid="1" xmlns:p8="xsi" />
            </Method>
          </Methods>
        </Class>
        <Class>
          <Summary numSequencePoints="4" visitedSequencePoints="0" numBranchPoints="0" visitedBranchPoints="0" sequenceCoverage="0" branchCoverage="100" maxCyclomaticComplexity="1" minCyclomaticComplexity="1" visitedClasses="0" numClasses="1" visitedMethods="0" numMethods="1" />
          <FullName>HypeSoft.API.Middlewares.CorrelationIdMiddleware</FullName>
          <Methods>
            <Method cyclomaticComplexity="1" nPathComplexity="1" sequenceCoverage="0" branchCoverage="100" isConstructor="True" isGetter="False" isSetter="False" isStatic="True">
              <Summary numSequencePoints="4" visitedSequencePoints="0" numBranchPoints="0" visitedBranchPoints="0" sequenceCoverage="0" branchCoverage="100" maxCyclomaticComplexity="1" minCyclomaticComplexity="1" visitedClasses="0" numClasses="0" visitedMethods="0" numMethods="1" />
              <MetadataToken />
              <Name>System.Void HypeSoft.API.Middlewares.CorrelationIdMiddleware::.ctor(Microsoft.AspNetCore.Http.RequestDelegate)</Name>
              <FileRef uid="2" />
              <SequencePoints>
                <SequencePoint vc="0" uspid="8" ordinal="0" sl="8" sc="1" el="8" ec="2" bec="0" bev="0" fileid="2" />
                <SequencePoint vc="0" uspid="9" ordinal="1" sl="9" sc="1" el="9" ec="2" bec="0" bev="0" fileid="2" />
                <SequencePoint vc="0" uspid="10" ordinal="2" sl="10" sc="1" el="10" ec="2" bec="0" bev="0" fileid="2" />
                <SequencePoint vc="0" uspid="11" ordinal="3" sl="11" sc="1" el="11" ec="2" bec="0" bev="0" fileid="2" />
              </SequencePoints>
              <BranchPoints />
              <MethodPoint vc="0" uspid="0" p8:type="SequencePoint" ordinal="0" offset="0" sc="0" sl="8" ec="1" el="11" bec="0" bev="0" fileid="2" xmlns:p8="xsi" />
            </Method>
          </Methods>
        </Class>
        <Class>
          <Summary numSequencePoints="10" visitedSequencePoints="0" numBranchPoints="2" visitedBranchPoints="0" sequenceCoverage="0" branchCoverage="0" maxCyclomaticComplexity="2" minCyclomaticComplexity="2" visitedClasses="0" numClasses="1" visitedMethods="0" numMethods="1" />
          <FullName>HypeSoft.API.Middlewares.CorrelationIdMiddleware/&lt;InvokeAsync&gt;d__3</FullName>
          <Methods>
            <Method cyclomaticComplexity="2" nPathComplexity="2" sequenceCoverage="0" branchCoverage="0" isConstructor="False" isGetter="False" isSetter="False" isStatic="True">
              <Summary numSequencePoints="10" visitedSequencePoints="0" numBranchPoints="2" visitedBranchPoints="0" sequenceCoverage="0" branchCoverage="0" maxCyclomaticComplexity="2" minCyclomaticComplexity="2" visitedClasses="0" numClasses="0" visitedMethods="0" numMethods="1" />
              <MetadataToken />
              <Name>System.Void HypeSoft.API.Middlewares.CorrelationIdMiddleware/&lt;InvokeAsync&gt;d__3::MoveNext()</Name>
              <FileRef uid="2" />
              <SequencePoints>
                <SequencePoint vc="0" uspid="14" ordinal="0" sl="14" sc="1" el="14" ec="2" bec="0" bev="0" fileid="2" />
                <SequencePoint vc="0" uspid="15" ordinal="1" sl="15" sc="1" el="15" ec="2" bec="2" bev="0" fileid="2" />
                <SequencePoint vc="0" uspid="16" ordinal="2" sl="16" sc="1" el="16" ec="2" bec="0" bev="0" fileid="2" />
                <SequencePoint vc="0" uspid="18" ordinal="3" sl="18" sc="1" el="18" ec="2" bec="0" bev="0" fileid="2" />
                <SequencePoint vc="0" uspid="19" ordinal="4" sl="19" sc="1" el="19" ec="2" bec="0" bev="0" fileid="2" />
                <SequencePoint vc="0" uspid="21" ordinal="5" sl="21" sc="1" el="21" ec="2" bec="0" bev="0" fileid="2" />
                <SequencePoint vc="0" uspid="22" ordinal="6" sl="22" sc="1" el="22" ec="2" bec="0" bev="0" fileid="2" />
                <SequencePoint vc="0" uspid="23" ordinal="7" sl="23" sc="1" el="23" ec="2" bec="0" bev="0" fileid="2" />
                <SequencePoint vc="0" uspid="24" ordinal="8" sl="24" sc="1" el="24" ec="2" bec="0" bev="0" fileid="2" />
                <SequencePoint vc="0" uspid="25" ordinal="9" sl="25" sc="1" el="25" ec="2" bec="0" bev="0" fileid="2" />
              </SequencePoints>
              <BranchPoints>
                <BranchPoint vc="0" uspid="15" ordinal="0" path="0" offset="56" offsetend="58" sl="15" fileid="2" />
                <BranchPoint vc="0" uspid="15" ordinal="1" path="1" offset="56" offsetend="78" sl="15" fileid="2" />
              </BranchPoints>
              <MethodPoint vc="0" uspid="0" p8:type="SequencePoint" ordinal="0" offset="0" sc="0" sl="14" ec="1" el="25" bec="0" bev="0" fileid="2" xmlns:p8="xsi" />
            </Method>
          </Methods>
        </Class>
        <Class>
          <Summary numSequencePoints="4" visitedSequencePoints="0" numBranchPoints="0" visitedBranchPoints="0" sequenceCoverage="0" branchCoverage="100" maxCyclomaticComplexity="1" minCyclomaticComplexity="1" visitedClasses="0" numClasses="1" visitedMethods="0" numMethods="1" />
          <FullName>HypeSoft.API.Middlewares.SecurityHeadersMiddleware</FullName>
          <Methods>
            <Method cyclomaticComplexity="1" nPathComplexity="1" sequenceCoverage="0" branchCoverage="100" isConstructor="True" isGetter="False" isSetter="False" isStatic="True">
              <Summary numSequencePoints="4" visitedSequencePoints="0" numBranchPoints="0" visitedBranchPoints="0" sequenceCoverage="0" branchCoverage="100" maxCyclomaticComplexity="1" minCyclomaticComplexity="1" visitedClasses="0" numClasses="0" visitedMethods="0" numMethods="1" />
              <MetadataToken />
              <Name>System.Void HypeSoft.API.Middlewares.SecurityHeadersMiddleware::.ctor(Microsoft.AspNetCore.Http.RequestDelegate)</Name>
              <FileRef uid="3" />
              <SequencePoints>
                <SequencePoint vc="0" uspid="7" ordinal="0" sl="7" sc="1" el="7" ec="2" bec="0" bev="0" fileid="3" />
                <SequencePoint vc="0" uspid="8" ordinal="1" sl="8" sc="1" el="8" ec="2" bec="0" bev="0" fileid="3" />
                <SequencePoint vc="0" uspid="9" ordinal="2" sl="9" sc="1" el="9" ec="2" bec="0" bev="0" fileid="3" />
                <SequencePoint vc="0" uspid="10" ordinal="3" sl="10" sc="1" el="10" ec="2" bec="0" bev="0" fileid="3" />
              </SequencePoints>
              <BranchPoints />
              <MethodPoint vc="0" uspid="0" p8:type="SequencePoint" ordinal="0" offset="0" sc="0" sl="7" ec="1" el="10" bec="0" bev="0" fileid="3" xmlns:p8="xsi" />
            </Method>
          </Methods>
        </Class>
        <Class>
          <Summary numSequencePoints="16" visitedSequencePoints="0" numBranchPoints="2" visitedBranchPoints="0" sequenceCoverage="0" branchCoverage="0" maxCyclomaticComplexity="2" minCyclomaticComplexity="2" visitedClasses="0" numClasses="1" visitedMethods="0" numMethods="1" />
          <FullName>HypeSoft.API.Middlewares.SecurityHeadersMiddleware/&lt;InvokeAsync&gt;d__2</FullName>
          <Methods>
            <Method cyclomaticComplexity="2" nPathComplexity="2" sequenceCoverage="0" branchCoverage="0" isConstructor="False" isGetter="False" isSetter="False" isStatic="True">
              <Summary numSequencePoints="16" visitedSequencePoints="0" numBranchPoints="2" visitedBranchPoints="0" sequenceCoverage="0" branchCoverage="0" maxCyclomaticComplexity="2" minCyclomaticComplexity="2" visitedClasses="0" numClasses="0" visitedMethods="0" numMethods="1" />
              <MetadataToken />
              <Name>System.Void HypeSoft.API.Middlewares.SecurityHeadersMiddleware/&lt;InvokeAsync&gt;d__2::MoveNext()</Name>
              <FileRef uid="3" />
              <SequencePoints>
                <SequencePoint vc="0" uspid="13" ordinal="0" sl="13" sc="1" el="13" ec="2" bec="0" bev="0" fileid="3" />
                <SequencePoint vc="0" uspid="15" ordinal="1" sl="15" sc="1" el="15" ec="2" bec="0" bev="0" fileid="3" />
                <SequencePoint vc="0" uspid="16" ordinal="2" sl="16" sc="1" el="16" ec="2" bec="0" bev="0" fileid="3" />
                <SequencePoint vc="0" uspid="19" ordinal="3" sl="19" sc="1" el="19" ec="2" bec="0" bev="0" fileid="3" />
                <SequencePoint vc="0" uspid="20" ordinal="4" sl="20" sc="1" el="20" ec="2" bec="0" bev="0" fileid="3" />
                <SequencePoint vc="0" uspid="21" ordinal="5" sl="21" sc="1" el="21" ec="2" bec="0" bev="0" fileid="3" />
                <SequencePoint vc="0" uspid="22" ordinal="6" sl="22" sc="1" el="22" ec="2" bec="0" bev="0" fileid="3" />
                <SequencePoint vc="0" uspid="23" ordinal="7" sl="23" sc="1" el="23" ec="2" bec="0" bev="0" fileid="3" />
                <SequencePoint vc="0" uspid="26" ordinal="8" sl="26" sc="1" el="26" ec="2" bec="0" bev="0" fileid="3" />
                <SequencePoint vc="0" uspid="27" ordinal="9" sl="27" sc="1" el="27" ec="2" bec="0" bev="0" fileid="3" />
                <SequencePoint vc="0" uspid="30" ordinal="10" sl="30" sc="1" el="30" ec="2" bec="2" bev="0" fileid="3" />
                <SequencePoint vc="0" uspid="31" ordinal="11" sl="31" sc="1" el="31" ec="2" bec="0" bev="0" fileid="3" />
                <SequencePoint vc="0" uspid="32" ordinal="12" sl="32" sc="1" el="32" ec="2" bec="0" bev="0" fileid="3" />
                <SequencePoint vc="0" uspid="33" ordinal="13" sl="33" sc="1" el="33" ec="2" bec="0" bev="0" fileid="3" />
                <SequencePoint vc="0" uspid="35" ordinal="14" sl="35" sc="1" el="35" ec="2" bec="0" bev="0" fileid="3" />
                <SequencePoint vc="0" uspid="36" ordinal="15" sl="36" sc="1" el="36" ec="2" bec="0" bev="0" fileid="3" />
              </SequencePoints>
              <BranchPoints>
                <BranchPoint vc="0" uspid="30" ordinal="0" path="0" offset="333" offsetend="335" sl="30" fileid="3" />
                <BranchPoint vc="0" uspid="30" ordinal="1" path="1" offset="333" offsetend="374" sl="30" fileid="3" />
              </BranchPoints>
              <MethodPoint vc="0" uspid="0" p8:type="SequencePoint" ordinal="0" offset="0" sc="0" sl="13" ec="1" el="36" bec="0" bev="0" fileid="3" xmlns:p8="xsi" />
            </Method>
          </Methods>
        </Class>
        <Class>
          <Summary numSequencePoints="56" visitedSequencePoints="0" numBranchPoints="0" visitedBranchPoints="0" sequenceCoverage="0" branchCoverage="100" maxCyclomaticComplexity="1" minCyclomaticComplexity="1" visitedClasses="0" numClasses="1" visitedMethods="0" numMethods="4" />
          <FullName>HypeSoft.API.Middlewares.ValidationExceptionMiddleware</FullName>
          <Methods>
            <Method cyclomaticComplexity="1" nPathComplexity="1" sequenceCoverage="0" branchCoverage="100" isConstructor="False" isGetter="False" isSetter="False" isStatic="True">
              <Summary numSequencePoints="21" visitedSequencePoints="0" numBranchPoints="0" visitedBranchPoints="0" sequenceCoverage="0" branchCoverage="100" maxCyclomaticComplexity="1" minCyclomaticComplexity="1" visitedClasses="0" numClasses="0" visitedMethods="0" numMethods="1" />
              <MetadataToken />
              <Name>System.Threading.Tasks.Task HypeSoft.API.Middlewares.ValidationExceptionMiddleware::HandleValidationExceptionAsync(Microsoft.AspNetCore.Http.HttpContext,FluentValidation.ValidationException)</Name>
              <FileRef uid="4" />
              <SequencePoints>
                <SequencePoint vc="0" uspid="42" ordinal="0" sl="42" sc="1" el="42" ec="2" bec="0" bev="0" fileid="4" />
                <SequencePoint vc="0" uspid="43" ordinal="1" sl="43" sc="1" el="43" ec="2" bec="0" bev="0" fileid="4" />
                <SequencePoint vc="0" uspid="44" ordinal="2" sl="44" sc="1" el="44" ec="2" bec="0" bev="0" fileid="4" />
                <SequencePoint vc="0" uspid="46" ordinal="3" sl="46" sc="1" el="46" ec="2" bec="0" bev="0" fileid="4" />
                <SequencePoint vc="0" uspid="47" ordinal="4" sl="47" sc="1" el="47" ec="2" bec="0" bev="0" fileid="4" />
                <SequencePoint vc="0" uspid="48" ordinal="5" sl="48" sc="1" el="48" ec="2" bec="0" bev="0" fileid="4" />
                <SequencePoint vc="0" uspid="49" ordinal="6" sl="49" sc="1" el="49" ec="2" bec="0" bev="0" fileid="4" />
                <SequencePoint vc="0" uspid="50" ordinal="7" sl="50" sc="1" el="50" ec="2" bec="0" bev="0" fileid="4" />
                <SequencePoint vc="0" uspid="51" ordinal="8" sl="51" sc="1" el="51" ec="2" bec="0" bev="0" fileid="4" />
                <SequencePoint vc="0" uspid="53" ordinal="9" sl="53" sc="1" el="53" ec="2" bec="0" bev="0" fileid="4" />
                <SequencePoint vc="0" uspid="54" ordinal="10" sl="54" sc="1" el="54" ec="2" bec="0" bev="0" fileid="4" />
                <SequencePoint vc="0" uspid="55" ordinal="11" sl="55" sc="1" el="55" ec="2" bec="0" bev="0" fileid="4" />
                <SequencePoint vc="0" uspid="56" ordinal="12" sl="56" sc="1" el="56" ec="2" bec="0" bev="0" fileid="4" />
                <SequencePoint vc="0" uspid="57" ordinal="13" sl="57" sc="1" el="57" ec="2" bec="0" bev="0" fileid="4" />
                <SequencePoint vc="0" uspid="58" ordinal="14" sl="58" sc="1" el="58" ec="2" bec="0" bev="0" fileid="4" />
                <SequencePoint vc="0" uspid="59" ordinal="15" sl="59" sc="1" el="59" ec="2" bec="0" bev="0" fileid="4" />
                <SequencePoint vc="0" uspid="61" ordinal="16" sl="61" sc="1" el="61" ec="2" bec="0" bev="0" fileid="4" />
                <SequencePoint vc="0" uspid="62" ordinal="17" sl="62" sc="1" el="62" ec="2" bec="0" bev="0" fileid="4" />
                <SequencePoint vc="0" uspid="63" ordinal="18" sl="63" sc="1" el="63" ec="2" bec="0" bev="0" fileid="4" />
                <SequencePoint vc="0" uspid="64" ordinal="19" sl="64" sc="1" el="64" ec="2" bec="0" bev="0" fileid="4" />
                <SequencePoint vc="0" uspid="65" ordinal="20" sl="65" sc="1" el="65" ec="2" bec="0" bev="0" fileid="4" />
              </SequencePoints>
              <BranchPoints />
              <MethodPoint vc="0" uspid="0" p8:type="SequencePoint" ordinal="0" offset="0" sc="0" sl="42" ec="1" el="65" bec="0" bev="0" fileid="4" xmlns:p8="xsi" />
            </Method>
            <Method cyclomaticComplexity="1" nPathComplexity="1" sequenceCoverage="0" branchCoverage="100" isConstructor="False" isGetter="False" isSetter="False" isStatic="True">
              <Summary numSequencePoints="15" visitedSequencePoints="0" numBranchPoints="0" visitedBranchPoints="0" sequenceCoverage="0" branchCoverage="100" maxCyclomaticComplexity="1" minCyclomaticComplexity="1" visitedClasses="0" numClasses="0" visitedMethods="0" numMethods="1" />
              <MetadataToken />
              <Name>System.Threading.Tasks.Task HypeSoft.API.Middlewares.ValidationExceptionMiddleware::HandleNotFoundExceptionAsync(Microsoft.AspNetCore.Http.HttpContext,System.Collections.Generic.KeyNotFoundException)</Name>
              <FileRef uid="4" />
              <SequencePoints>
                <SequencePoint vc="0" uspid="68" ordinal="0" sl="68" sc="1" el="68" ec="2" bec="0" bev="0" fileid="4" />
                <SequencePoint vc="0" uspid="69" ordinal="1" sl="69" sc="1" el="69" ec="2" bec="0" bev="0" fileid="4" />
                <SequencePoint vc="0" uspid="70" ordinal="2" sl="70" sc="1" el="70" ec="2" bec="0" bev="0" fileid="4" />
                <SequencePoint vc="0" uspid="72" ordinal="3" sl="72" sc="1" el="72" ec="2" bec="0" bev="0" fileid="4" />
                <SequencePoint vc="0" uspid="73" ordinal="4" sl="73" sc="1" el="73" ec="2" bec="0" bev="0" fileid="4" />
                <SequencePoint vc="0" uspid="74" ordinal="5" sl="74" sc="1" el="74" ec="2" bec="0" bev="0" fileid="4" />
                <SequencePoint vc="0" uspid="75" ordinal="6" sl="75" sc="1" el="75" ec="2" bec="0" bev="0" fileid="4" />
                <SequencePoint vc="0" uspid="76" ordinal="7" sl="76" sc="1" el="76" ec="2" bec="0" bev="0" fileid="4" />
                <SequencePoint vc="0" uspid="77" ordinal="8" sl="77" sc="1" el="77" ec="2" bec="0" bev="0" fileid="4" />
                <SequencePoint vc="0" uspid="78" ordinal="9" sl="78" sc="1" el="78" ec="2" bec="0" bev="0" fileid="4" />
                <SequencePoint vc="0" uspid="80" ordinal="10" sl="80" sc="1" el="80" ec="2" bec="0" bev="0" fileid="4" />
                <SequencePoint vc="0" uspid="81" ordinal="11" sl="81" sc="1" el="81" ec="2" bec="0" bev="0" fileid="4" />
                <SequencePoint vc="0" uspid="82" ordinal="12" sl="82" sc="1" el="82" ec="2" bec="0" bev="0" fileid="4" />
                <SequencePoint vc="0" uspid="83" ordinal="13" sl="83" sc="1" el="83" ec="2" bec="0" bev="0" fileid="4" />
                <SequencePoint vc="0" uspid="84" ordinal="14" sl="84" sc="1" el="84" ec="2" bec="0" bev="0" fileid="4" />
              </SequencePoints>
              <BranchPoints />
              <MethodPoint vc="0" uspid="0" p8:type="SequencePoint" ordinal="1" offset="1" sc="0" sl="68" ec="1" el="84" bec="0" bev="0" fileid="4" xmlns:p8="xsi" />
            </Method>
            <Method cyclomaticComplexity="1" nPathComplexity="1" sequenceCoverage="0" branchCoverage="100" isConstructor="False" isGetter="False" isSetter="False" isStatic="True">
              <Summary numSequencePoints="15" visitedSequencePoints="0" numBranchPoints="0" visitedBranchPoints="0" sequenceCoverage="0" branchCoverage="100" maxCyclomaticComplexity="1" minCyclomaticComplexity="1" visitedClasses="0" numClasses="0" visitedMethods="0" numMethods="1" />
              <MetadataToken />
              <Name>System.Threading.Tasks.Task HypeSoft.API.Middlewares.ValidationExceptionMiddleware::HandleExceptionAsync(Microsoft.AspNetCore.Http.HttpContext,System.Exception)</Name>
              <FileRef uid="4" />
              <SequencePoints>
                <SequencePoint vc="0" uspid="87" ordinal="0" sl="87" sc="1" el="87" ec="2" bec="0" bev="0" fileid="4" />
                <SequencePoint vc="0" uspid="88" ordinal="1" sl="88" sc="1" el="88" ec="2" bec="0" bev="0" fileid="4" />
                <SequencePoint vc="0" uspid="89" ordinal="2" sl="89" sc="1" el="89" ec="2" bec="0" bev="0" fileid="4" />
                <SequencePoint vc="0" uspid="91" ordinal="3" sl="91" sc="1" el="91" ec="2" bec="0" bev="0" fileid="4" />
                <SequencePoint vc="0" uspid="92" ordinal="4" sl="92" sc="1" el="92" ec="2" bec="0" bev="0" fileid="4" />
                <SequencePoint vc="0" uspid="93" ordinal="5" sl="93" sc="1" el="93" ec="2" bec="0" bev="0" fileid="4" />
                <SequencePoint vc="0" uspid="94" ordinal="6" sl="94" sc="1" el="94" ec="2" bec="0" bev="0" fileid="4" />
                <SequencePoint vc="0" uspid="95" ordinal="7" sl="95" sc="1" el="95" ec="2" bec="0" bev="0" fileid="4" />
                <SequencePoint vc="0" uspid="96" ordinal="8" sl="96" sc="1" el="96" ec="2" bec="0" bev="0" fileid="4" />
                <SequencePoint vc="0" uspid="97" ordinal="9" sl="97" sc="1" el="97" ec="2" bec="0" bev="0" fileid="4" />
                <SequencePoint vc="0" uspid="99" ordinal="10" sl="99" sc="1" el="99" ec="2" bec="0" bev="0" fileid="4" />
                <SequencePoint vc="0" uspid="100" ordinal="11" sl="100" sc="1" el="100" ec="2" bec="0" bev="0" fileid="4" />
                <SequencePoint vc="0" uspid="101" ordinal="12" sl="101" sc="1" el="101" ec="2" bec="0" bev="0" fileid="4" />
                <SequencePoint vc="0" uspid="102" ordinal="13" sl="102" sc="1" el="102" ec="2" bec="0" bev="0" fileid="4" />
                <SequencePoint vc="0" uspid="103" ordinal="14" sl="103" sc="1" el="103" ec="2" bec="0" bev="0" fileid="4" />
              </SequencePoints>
              <BranchPoints />
              <MethodPoint vc="0" uspid="0" p8:type="SequencePoint" ordinal="2" offset="2" sc="0" sl="87" ec="1" el="103" bec="0" bev="0" fileid="4" xmlns:p8="xsi" />
            </Method>
            <Method cyclomaticComplexity="1" nPathComplexity="1" sequenceCoverage="0" branchCoverage="100" isConstructor="True" isGetter="False" isSetter="False" isStatic="True">
              <Summary numSequencePoints="5" visitedSequencePoints="0" numBranchPoints="0" visitedBranchPoints="0" sequenceCoverage="0" branchCoverage="100" maxCyclomaticComplexity="1" minCyclomaticComplexity="1" visitedClasses="0" numClasses="0" visitedMethods="0" numMethods="1" />
              <MetadataToken />
              <Name>System.Void HypeSoft.API.Middlewares.ValidationExceptionMiddleware::.ctor(Microsoft.AspNetCore.Http.RequestDelegate,Microsoft.Extensions.Logging.ILogger`1&lt;HypeSoft.API.Middlewares.ValidationExceptionMiddleware&gt;)</Name>
              <FileRef uid="4" />
              <SequencePoints>
                <SequencePoint vc="0" uspid="12" ordinal="0" sl="12" sc="1" el="12" ec="2" bec="0" bev="0" fileid="4" />
                <SequencePoint vc="0" uspid="13" ordinal="1" sl="13" sc="1" el="13" ec="2" bec="0" bev="0" fileid="4" />
                <SequencePoint vc="0" uspid="14" ordinal="2" sl="14" sc="1" el="14" ec="2" bec="0" bev="0" fileid="4" />
                <SequencePoint vc="0" uspid="15" ordinal="3" sl="15" sc="1" el="15" ec="2" bec="0" bev="0" fileid="4" />
                <SequencePoint vc="0" uspid="16" ordinal="4" sl="16" sc="1" el="16" ec="2" bec="0" bev="0" fileid="4" />
              </SequencePoints>
              <BranchPoints />
              <MethodPoint vc="0" uspid="0" p8:type="SequencePoint" ordinal="3" offset="3" sc="0" sl="12" ec="1" el="16" bec="0" bev="0" fileid="4" xmlns:p8="xsi" />
            </Method>
          </Methods>
        </Class>
        <Class>
          <Summary numSequencePoints="20" visitedSequencePoints="0" numBranchPoints="4" visitedBranchPoints="0" sequenceCoverage="0" branchCoverage="0" maxCyclomaticComplexity="4" minCyclomaticComplexity="4" visitedClasses="0" numClasses="1" visitedMethods="0" numMethods="1" />
          <FullName>HypeSoft.API.Middlewares.ValidationExceptionMiddleware/&lt;InvokeAsync&gt;d__3</FullName>
          <Methods>
            <Method cyclomaticComplexity="4" nPathComplexity="4" sequenceCoverage="0" branchCoverage="0" isConstructor="False" isGetter="False" isSetter="False" isStatic="True">
              <Summary numSequencePoints="20" visitedSequencePoints="0" numBranchPoints="4" visitedBranchPoints="0" sequenceCoverage="0" branchCoverage="0" maxCyclomaticComplexity="4" minCyclomaticComplexity="4" visitedClasses="0" numClasses="0" visitedMethods="0" numMethods="1" />
              <MetadataToken />
              <Name>System.Void HypeSoft.API.Middlewares.ValidationExceptionMiddleware/&lt;InvokeAsync&gt;d__3::MoveNext()</Name>
              <FileRef uid="4" />
              <SequencePoints>
                <SequencePoint vc="0" uspid="19" ordinal="0" sl="19" sc="1" el="19" ec="2" bec="0" bev="0" fileid="4" />
                <SequencePoint vc="0" uspid="21" ordinal="1" sl="21" sc="1" el="21" ec="2" bec="0" bev="0" fileid="4" />
                <SequencePoint vc="0" uspid="22" ordinal="2" sl="22" sc="1" el="22" ec="2" bec="0" bev="0" fileid="4" />
                <SequencePoint vc="0" uspid="23" ordinal="3" sl="23" sc="1" el="23" ec="2" bec="0" bev="0" fileid="4" />
                <SequencePoint vc="0" uspid="24" ordinal="4" sl="24" sc="1" el="24" ec="2" bec="0" bev="0" fileid="4" />
                <SequencePoint vc="0" uspid="25" ordinal="5" sl="25" sc="1" el="25" ec="2" bec="0" bev="0" fileid="4" />
                <SequencePoint vc="0" uspid="26" ordinal="6" sl="26" sc="1" el="26" ec="2" bec="0" bev="0" fileid="4" />
                <SequencePoint vc="0" uspid="27" ordinal="7" sl="27" sc="1" el="27" ec="2" bec="0" bev="0" fileid="4" />
                <SequencePoint vc="0" uspid="28" ordinal="8" sl="28" sc="1" el="28" ec="2" bec="0" bev="0" fileid="4" />
                <SequencePoint vc="0" uspid="29" ordinal="9" sl="29" sc="1" el="29" ec="2" bec="0" bev="0" fileid="4" />
                <SequencePoint vc="0" uspid="30" ordinal="10" sl="30" sc="1" el="30" ec="2" bec="0" bev="0" fileid="4" />
                <SequencePoint vc="0" uspid="31" ordinal="11" sl="31" sc="1" el="31" ec="2" bec="0" bev="0" fileid="4" />
                <SequencePoint vc="0" uspid="32" ordinal="12" sl="32" sc="1" el="32" ec="2" bec="0" bev="0" fileid="4" />
                <SequencePoint vc="0" uspid="33" ordinal="13" sl="33" sc="1" el="33" ec="2" bec="0" bev="0" fileid="4" />
                <SequencePoint vc="0" uspid="34" ordinal="14" sl="34" sc="1" el="34" ec="2" bec="4" bev="0" fileid="4" />
                <SequencePoint vc="0" uspid="35" ordinal="15" sl="35" sc="1" el="35" ec="2" bec="0" bev="0" fileid="4" />
                <SequencePoint vc="0" uspid="36" ordinal="16" sl="36" sc="1" el="36" ec="2" bec="0" bev="0" fileid="4" />
                <SequencePoint vc="0" uspid="37" ordinal="17" sl="37" sc="1" el="37" ec="2" bec="0" bev="0" fileid="4" />
                <SequencePoint vc="0" uspid="38" ordinal="18" sl="38" sc="1" el="38" ec="2" bec="0" bev="0" fileid="4" />
                <SequencePoint vc="0" uspid="39" ordinal="19" sl="39" sc="1" el="39" ec="2" bec="0" bev="0" fileid="4" />
              </SequencePoints>
              <BranchPoints>
                <BranchPoint vc="0" uspid="34" ordinal="1" path="1" offset="247" offsetend="269" sl="34" fileid="4" />
                <BranchPoint vc="0" uspid="34" ordinal="2" path="2" offset="247" offsetend="443" sl="34" fileid="4" />
                <BranchPoint vc="0" uspid="34" ordinal="3" path="3" offset="247" offsetend="617" sl="34" fileid="4" />
                <BranchPoint vc="0" uspid="34" ordinal="0" path="0" offset="247" offsetend="785" sl="34" fileid="4" />
              </BranchPoints>
              <MethodPoint vc="0" uspid="0" p8:type="SequencePoint" ordinal="0" offset="0" sc="0" sl="19" ec="1" el="39" bec="0" bev="0" fileid="4" xmlns:p8="xsi" />
            </Method>
          </Methods>
        </Class>
        <Class>
          <Summary numSequencePoints="25" visitedSequencePoints="0" numBranchPoints="2" visitedBranchPoints="0" sequenceCoverage="0" branchCoverage="0" maxCyclomaticComplexity="2" minCyclomaticComplexity="2" visitedClasses="0" numClasses="1" visitedMethods="0" numMethods="1" />
          <FullName>HypeSoft.API.Extensions.DatabaseSeeder/&lt;SeedAsync&gt;d__0</FullName>
          <Methods>
            <Method cyclomaticComplexity="2" nPathComplexity="2" sequenceCoverage="0" branchCoverage="0" isConstructor="False" isGetter="False" isSetter="False" isStatic="True">
              <Summary numSequencePoints="25" visitedSequencePoints="0" numBranchPoints="2" visitedBranchPoints="0" sequenceCoverage="0" branchCoverage="0" maxCyclomaticComplexity="2" minCyclomaticComplexity="2" visitedClasses="0" numClasses="0" visitedMethods="0" numMethods="1" />
              <MetadataToken />
              <Name>System.Void HypeSoft.API.Extensions.DatabaseSeeder/&lt;SeedAsync&gt;d__0::MoveNext()</Name>
              <FileRef uid="5" />
              <SequencePoints>
                <SequencePoint vc="0" uspid="10" ordinal="0" sl="10" sc="1" el="10" ec="2" bec="0" bev="0" fileid="5" />
                <SequencePoint vc="0" uspid="12" ordinal="1" sl="12" sc="1" el="12" ec="2" bec="0" bev="0" fileid="5" />
                <SequencePoint vc="0" uspid="13" ordinal="2" sl="13" sc="1" el="13" ec="2" bec="2" bev="0" fileid="5" />
                <SequencePoint vc="0" uspid="16" ordinal="3" sl="16" sc="1" el="16" ec="2" bec="0" bev="0" fileid="5" />
                <SequencePoint vc="0" uspid="17" ordinal="4" sl="17" sc="1" el="17" ec="2" bec="0" bev="0" fileid="5" />
                <SequencePoint vc="0" uspid="18" ordinal="5" sl="18" sc="1" el="18" ec="2" bec="0" bev="0" fileid="5" />
                <SequencePoint vc="0" uspid="19" ordinal="6" sl="19" sc="1" el="19" ec="2" bec="0" bev="0" fileid="5" />
                <SequencePoint vc="0" uspid="20" ordinal="7" sl="20" sc="1" el="20" ec="2" bec="0" bev="0" fileid="5" />
                <SequencePoint vc="0" uspid="21" ordinal="8" sl="21" sc="1" el="21" ec="2" bec="0" bev="0" fileid="5" />
                <SequencePoint vc="0" uspid="22" ordinal="9" sl="22" sc="1" el="22" ec="2" bec="0" bev="0" fileid="5" />
                <SequencePoint vc="0" uspid="23" ordinal="10" sl="23" sc="1" el="23" ec="2" bec="0" bev="0" fileid="5" />
                <SequencePoint vc="0" uspid="25" ordinal="11" sl="25" sc="1" el="25" ec="2" bec="0" bev="0" fileid="5" />
                <SequencePoint vc="0" uspid="28" ordinal="12" sl="28" sc="1" el="28" ec="2" bec="0" bev="0" fileid="5" />
                <SequencePoint vc="0" uspid="29" ordinal="13" sl="29" sc="1" el="29" ec="2" bec="0" bev="0" fileid="5" />
                <SequencePoint vc="0" uspid="30" ordinal="14" sl="30" sc="1" el="30" ec="2" bec="0" bev="0" fileid="5" />
                <SequencePoint vc="0" uspid="31" ordinal="15" sl="31" sc="1" el="31" ec="2" bec="0" bev="0" fileid="5" />
                <SequencePoint vc="0" uspid="32" ordinal="16" sl="32" sc="1" el="32" ec="2" bec="0" bev="0" fileid="5" />
                <SequencePoint vc="0" uspid="33" ordinal="17" sl="33" sc="1" el="33" ec="2" bec="0" bev="0" fileid="5" />
                <SequencePoint vc="0" uspid="34" ordinal="18" sl="34" sc="1" el="34" ec="2" bec="0" bev="0" fileid="5" />
                <SequencePoint vc="0" uspid="35" ordinal="19" sl="35" sc="1" el="35" ec="2" bec="0" bev="0" fileid="5" />
                <SequencePoint vc="0" uspid="36" ordinal="20" sl="36" sc="1" el="36" ec="2" bec="0" bev="0" fileid="5" />
                <SequencePoint vc="0" uspid="37" ordinal="21" sl="37" sc="1" el="37" ec="2" bec="0" bev="0" fileid="5" />
                <SequencePoint vc="0" uspid="38" ordinal="22" sl="38" sc="1" el="38" ec="2" bec="0" bev="0" fileid="5" />
                <SequencePoint vc="0" uspid="40" ordinal="23" sl="40" sc="1" el="40" ec="2" bec="0" bev="0" fileid="5" />
                <SequencePoint vc="0" uspid="41" ordinal="24" sl="41" sc="1" el="41" ec="2" bec="0" bev="0" fileid="5" />
              </SequencePoints>
              <BranchPoints>
                <BranchPoint vc="0" uspid="13" ordinal="0" path="0" offset="249" offsetend="251" sl="13" fileid="5" />
                <BranchPoint vc="0" uspid="13" ordinal="1" path="1" offset="249" offsetend="256" sl="13" fileid="5" />
              </BranchPoints>
              <MethodPoint vc="0" uspid="0" p8:type="SequencePoint" ordinal="0" offset="0" sc="0" sl="10" ec="1" el="41" bec="0" bev="0" fileid="5" xmlns:p8="xsi" />
            </Method>
          </Methods>
        </Class>
        <Class>
          <Summary numSequencePoints="4" visitedSequencePoints="0" numBranchPoints="0" visitedBranchPoints="0" sequenceCoverage="0" branchCoverage="100" maxCyclomaticComplexity="1" minCyclomaticComplexity="1" visitedClasses="0" numClasses="1" visitedMethods="0" numMethods="1" />
          <FullName>HypeSoft.API.Controllers.AuthController</FullName>
          <Methods>
            <Method cyclomaticComplexity="1" nPathComplexity="1" sequenceCoverage="0" branchCoverage="100" isConstructor="True" isGetter="False" isSetter="False" isStatic="True">
              <Summary numSequencePoints="4" visitedSequencePoints="0" numBranchPoints="0" visitedBranchPoints="0" sequenceCoverage="0" branchCoverage="100" maxCyclomaticComplexity="1" minCyclomaticComplexity="1" visitedClasses="0" numClasses="0" visitedMethods="0" numMethods="1" />
              <MetadataToken />
              <Name>System.Void HypeSoft.API.Controllers.AuthController::.ctor(MediatR.IMediator)</Name>
              <FileRef uid="6" />
              <SequencePoints>
                <SequencePoint vc="0" uspid="20" ordinal="0" sl="20" sc="1" el="20" ec="2" bec="0" bev="0" fileid="6" />
                <SequencePoint vc="0" uspid="21" ordinal="1" sl="21" sc="1" el="21" ec="2" bec="0" bev="0" fileid="6" />
                <SequencePoint vc="0" uspid="22" ordinal="2" sl="22" sc="1" el="22" ec="2" bec="0" bev="0" fileid="6" />
                <SequencePoint vc="0" uspid="23" ordinal="3" sl="23" sc="1" el="23" ec="2" bec="0" bev="0" fileid="6" />
              </SequencePoints>
              <BranchPoints />
              <MethodPoint vc="0" uspid="0" p8:type="SequencePoint" ordinal="0" offset="0" sc="0" sl="20" ec="1" el="23" bec="0" bev="0" fileid="6" xmlns:p8="xsi" />
            </Method>
          </Methods>
        </Class>
        <Class>
          <Summary numSequencePoints="6" visitedSequencePoints="0" numBranchPoints="2" visitedBranchPoints="0" sequenceCoverage="0" branchCoverage="0" maxCyclomaticComplexity="2" minCyclomaticComplexity="2" visitedClasses="0" numClasses="1" visitedMethods="0" numMethods="1" />
          <FullName>HypeSoft.API.Controllers.AuthController/&lt;GetCurrentUser&gt;d__5</FullName>
          <Methods>
            <Method cyclomaticComplexity="2" nPathComplexity="2" sequenceCoverage="0" branchCoverage="0" isConstructor="False" isGetter="False" isSetter="False" isStatic="True">
              <Summary numSequencePoints="6" visitedSequencePoints="0" numBranchPoints="2" visitedBranchPoints="0" sequenceCoverage="0" branchCoverage="0" maxCyclomaticComplexity="2" minCyclomaticComplexity="2" visitedClasses="0" numClasses="0" visitedMethods="0" numMethods="1" />
              <MetadataToken />
              <Name>System.Void HypeSoft.API.Controllers.AuthController/&lt;GetCurrentUser&gt;d__5::MoveNext()</Name>
              <FileRef uid="6" />
              <SequencePoints>
                <SequencePoint vc="0" uspid="90" ordinal="0" sl="90" sc="1" el="90" ec="2" bec="0" bev="0" fileid="6" />
                <SequencePoint vc="0" uspid="91" ordinal="1" sl="91" sc="1" el="91" ec="2" bec="0" bev="0" fileid="6" />
                <SequencePoint vc="0" uspid="92" ordinal="2" sl="92" sc="1" el="92" ec="2" bec="2" bev="0" fileid="6" />
                <SequencePoint vc="0" uspid="94" ordinal="3" sl="94" sc="1" el="94" ec="2" bec="0" bev="0" fileid="6" />
                <SequencePoint vc="0" uspid="95" ordinal="4" sl="95" sc="1" el="95" ec="2" bec="0" bev="0" fileid="6" />
                <SequencePoint vc="0" uspid="96" ordinal="5" sl="96" sc="1" el="96" ec="2" bec="0" bev="0" fileid="6" />
              </SequencePoints>
              <BranchPoints>
                <BranchPoint vc="0" uspid="92" ordinal="0" path="0" offset="76" offsetend="78" sl="92" fileid="6" />
                <BranchPoint vc="0" uspid="92" ordinal="1" path="1" offset="76" offsetend="86" sl="92" fileid="6" />
              </BranchPoints>
              <MethodPoint vc="0" uspid="0" p8:type="SequencePoint" ordinal="0" offset="0" sc="0" sl="90" ec="1" el="96" bec="0" bev="0" fileid="6" xmlns:p8="xsi" />
            </Method>
          </Methods>
        </Class>
        <Class>
          <Summary numSequencePoints="7" visitedSequencePoints="0" numBranchPoints="2" visitedBranchPoints="0" sequenceCoverage="0" branchCoverage="0" maxCyclomaticComplexity="2" minCyclomaticComplexity="2" visitedClasses="0" numClasses="1" visitedMethods="0" numMethods="1" />
          <FullName>HypeSoft.API.Controllers.AuthController/&lt;Login&gt;d__2</FullName>
          <Methods>
            <Method cyclomaticComplexity="2" nPathComplexity="2" sequenceCoverage="0" branchCoverage="0" isConstructor="False" isGetter="False" isSetter="False" isStatic="True">
              <Summary numSequencePoints="7" visitedSequencePoints="0" numBranchPoints="2" visitedBranchPoints="0" sequenceCoverage="0" branchCoverage="0" maxCyclomaticComplexity="2" minCyclomaticComplexity="2" visitedClasses="0" numClasses="0" visitedMethods="0" numMethods="1" />
              <MetadataToken />
              <Name>System.Void HypeSoft.API.Controllers.AuthController/&lt;Login&gt;d__2::MoveNext()</Name>
              <FileRef uid="6" />
              <SequencePoints>
                <SequencePoint vc="0" uspid="33" ordinal="0" sl="33" sc="1" el="33" ec="2" bec="0" bev="0" fileid="6" />
                <SequencePoint vc="0" uspid="34" ordinal="1" sl="34" sc="1" el="34" ec="2" bec="0" bev="0" fileid="6" />
                <SequencePoint vc="0" uspid="36" ordinal="2" sl="36" sc="1" el="36" ec="2" bec="2" bev="0" fileid="6" />
                <SequencePoint vc="0" uspid="37" ordinal="3" sl="37" sc="1" el="37" ec="2" bec="0" bev="0" fileid="6" />
                <SequencePoint vc="0" uspid="38" ordinal="4" sl="38" sc="1" el="38" ec="2" bec="0" bev="0" fileid="6" />
                <SequencePoint vc="0" uspid="41" ordinal="5" sl="41" sc="1" el="41" ec="2" bec="0" bev="0" fileid="6" />
                <SequencePoint vc="0" uspid="42" ordinal="6" sl="42" sc="1" el="42" ec="2" bec="0" bev="0" fileid="6" />
              </SequencePoints>
              <BranchPoints>
                <BranchPoint vc="0" uspid="36" ordinal="0" path="0" offset="195" offsetend="197" sl="36" fileid="6" />
                <BranchPoint vc="0" uspid="36" ordinal="1" path="1" offset="195" offsetend="227" sl="36" fileid="6" />
              </BranchPoints>
              <MethodPoint vc="0" uspid="0" p8:type="SequencePoint" ordinal="0" offset="0" sc="0" sl="33" ec="1" el="42" bec="0" bev="0" fileid="6" xmlns:p8="xsi" />
            </Method>
          </Methods>
        </Class>
        <Class>
          <Summary numSequencePoints="7" visitedSequencePoints="0" numBranchPoints="2" visitedBranchPoints="0" sequenceCoverage="0" branchCoverage="0" maxCyclomaticComplexity="2" minCyclomaticComplexity="2" visitedClasses="0" numClasses="1" visitedMethods="0" numMethods="1" />
          <FullName>HypeSoft.API.Controllers.AuthController/&lt;Logout&gt;d__6</FullName>
          <Methods>
            <Method cyclomaticComplexity="2" nPathComplexity="2" sequenceCoverage="0" branchCoverage="0" isConstructor="False" isGetter="False" isSetter="False" isStatic="True">
              <Summary numSequencePoints="7" visitedSequencePoints="0" numBranchPoints="2" visitedBranchPoints="0" sequenceCoverage="0" branchCoverage="0" maxCyclomaticComplexity="2" minCyclomaticComplexity="2" visitedClasses="0" numClasses="0" visitedMethods="0" numMethods="1" />
              <MetadataToken />
              <Name>System.Void HypeSoft.API.Controllers.AuthController/&lt;Logout&gt;d__6::MoveNext()</Name>
              <FileRef uid="6" />
              <SequencePoints>
                <SequencePoint vc="0" uspid="106" ordinal="0" sl="106" sc="1" el="106" ec="2" bec="0" bev="0" fileid="6" />
                <SequencePoint vc="0" uspid="107" ordinal="1" sl="107" sc="1" el="107" ec="2" bec="0" bev="0" fileid="6" />
                <SequencePoint vc="0" uspid="109" ordinal="2" sl="109" sc="1" el="109" ec="2" bec="2" bev="0" fileid="6" />
                <SequencePoint vc="0" uspid="110" ordinal="3" sl="110" sc="1" el="110" ec="2" bec="0" bev="0" fileid="6" />
                <SequencePoint vc="0" uspid="111" ordinal="4" sl="111" sc="1" el="111" ec="2" bec="0" bev="0" fileid="6" />
                <SequencePoint vc="0" uspid="114" ordinal="5" sl="114" sc="1" el="114" ec="2" bec="0" bev="0" fileid="6" />
                <SequencePoint vc="0" uspid="115" ordinal="6" sl="115" sc="1" el="115" ec="2" bec="0" bev="0" fileid="6" />
              </SequencePoints>
              <BranchPoints>
                <BranchPoint vc="0" uspid="109" ordinal="0" path="0" offset="177" offsetend="179" sl="109" fileid="6" />
                <BranchPoint vc="0" uspid="109" ordinal="1" path="1" offset="177" offsetend="204" sl="109" fileid="6" />
              </BranchPoints>
              <MethodPoint vc="0" uspid="0" p8:type="SequencePoint" ordinal="0" offset="0" sc="0" sl="106" ec="1" el="115" bec="0" bev="0" fileid="6" xmlns:p8="xsi" />
            </Method>
          </Methods>
        </Class>
        <Class>
          <Summary numSequencePoints="7" visitedSequencePoints="0" numBranchPoints="2" visitedBranchPoints="0" sequenceCoverage="0" branchCoverage="0" maxCyclomaticComplexity="2" minCyclomaticComplexity="2" visitedClasses="0" numClasses="1" visitedMethods="0" numMethods="1" />
          <FullName>HypeSoft.API.Controllers.AuthController/&lt;RefreshToken&gt;d__4</FullName>
          <Methods>
            <Method cyclomaticComplexity="2" nPathComplexity="2" sequenceCoverage="0" branchCoverage="0" isConstructor="False" isGetter="False" isSetter="False" isStatic="True">
              <Summary numSequencePoints="7" visitedSequencePoints="0" numBranchPoints="2" visitedBranchPoints="0" sequenceCoverage="0" branchCoverage="0" maxCyclomaticComplexity="2" minCyclomaticComplexity="2" visitedClasses="0" numClasses="0" visitedMethods="0" numMethods="1" />
              <MetadataToken />
              <Name>System.Void HypeSoft.API.Controllers.AuthController/&lt;RefreshToken&gt;d__4::MoveNext()</Name>
              <FileRef uid="6" />
              <SequencePoints>
                <SequencePoint vc="0" uspid="71" ordinal="0" sl="71" sc="1" el="71" ec="2" bec="0" bev="0" fileid="6" />
                <SequencePoint vc="0" uspid="72" ordinal="1" sl="72" sc="1" el="72" ec="2" bec="0" bev="0" fileid="6" />
                <SequencePoint vc="0" uspid="74" ordinal="2" sl="74" sc="1" el="74" ec="2" bec="2" bev="0" fileid="6" />
                <SequencePoint vc="0" uspid="75" ordinal="3" sl="75" sc="1" el="75" ec="2" bec="0" bev="0" fileid="6" />
                <SequencePoint vc="0" uspid="76" ordinal="4" sl="76" sc="1" el="76" ec="2" bec="0" bev="0" fileid="6" />
                <SequencePoint vc="0" uspid="79" ordinal="5" sl="79" sc="1" el="79" ec="2" bec="0" bev="0" fileid="6" />
                <SequencePoint vc="0" uspid="80" ordinal="6" sl="80" sc="1" el="80" ec="2" bec="0" bev="0" fileid="6" />
              </SequencePoints>
              <BranchPoints>
                <BranchPoint vc="0" uspid="74" ordinal="0" path="0" offset="184" offsetend="186" sl="74" fileid="6" />
                <BranchPoint vc="0" uspid="74" ordinal="1" path="1" offset="184" offsetend="216" sl="74" fileid="6" />
              </BranchPoints>
              <MethodPoint vc="0" uspid="0" p8:type="SequencePoint" ordinal="0" offset="0" sc="0" sl="71" ec="1" el="80" bec="0" bev="0" fileid="6" xmlns:p8="xsi" />
            </Method>
          </Methods>
        </Class>
        <Class>
          <Summary numSequencePoints="7" visitedSequencePoints="0" numBranchPoints="2" visitedBranchPoints="0" sequenceCoverage="0" branchCoverage="0" maxCyclomaticComplexity="2" minCyclomaticComplexity="2" visitedClasses="0" numClasses="1" visitedMethods="0" numMethods="1" />
          <FullName>HypeSoft.API.Controllers.AuthController/&lt;Register&gt;d__3</FullName>
          <Methods>
            <Method cyclomaticComplexity="2" nPathComplexity="2" sequenceCoverage="0" branchCoverage="0" isConstructor="False" isGetter="False" isSetter="False" isStatic="True">
              <Summary numSequencePoints="7" visitedSequencePoints="0" numBranchPoints="2" visitedBranchPoints="0" sequenceCoverage="0" branchCoverage="0" maxCyclomaticComplexity="2" minCyclomaticComplexity="2" visitedClasses="0" numClasses="0" visitedMethods="0" numMethods="1" />
              <MetadataToken />
              <Name>System.Void HypeSoft.API.Controllers.AuthController/&lt;Register&gt;d__3::MoveNext()</Name>
              <FileRef uid="6" />
              <SequencePoints>
                <SequencePoint vc="0" uspid="52" ordinal="0" sl="52" sc="1" el="52" ec="2" bec="0" bev="0" fileid="6" />
                <SequencePoint vc="0" uspid="53" ordinal="1" sl="53" sc="1" el="53" ec="2" bec="0" bev="0" fileid="6" />
                <SequencePoint vc="0" uspid="55" ordinal="2" sl="55" sc="1" el="55" ec="2" bec="2" bev="0" fileid="6" />
                <SequencePoint vc="0" uspid="56" ordinal="3" sl="56" sc="1" el="56" ec="2" bec="0" bev="0" fileid="6" />
                <SequencePoint vc="0" uspid="57" ordinal="4" sl="57" sc="1" el="57" ec="2" bec="0" bev="0" fileid="6" />
                <SequencePoint vc="0" uspid="60" ordinal="5" sl="60" sc="1" el="60" ec="2" bec="0" bev="0" fileid="6" />
                <SequencePoint vc="0" uspid="61" ordinal="6" sl="61" sc="1" el="61" ec="2" bec="0" bev="0" fileid="6" />
              </SequencePoints>
              <BranchPoints>
                <BranchPoint vc="0" uspid="55" ordinal="0" path="0" offset="172" offsetend="174" sl="55" fileid="6" />
                <BranchPoint vc="0" uspid="55" ordinal="1" path="1" offset="172" offsetend="199" sl="55" fileid="6" />
              </BranchPoints>
              <MethodPoint vc="0" uspid="0" p8:type="SequencePoint" ordinal="0" offset="0" sc="0" sl="52" ec="1" el="61" bec="0" bev="0" fileid="6" xmlns:p8="xsi" />
            </Method>
          </Methods>
        </Class>
        <Class>
          <Summary numSequencePoints="4" visitedSequencePoints="0" numBranchPoints="0" visitedBranchPoints="0" sequenceCoverage="0" branchCoverage="100" maxCyclomaticComplexity="1" minCyclomaticComplexity="1" visitedClasses="0" numClasses="1" visitedMethods="0" numMethods="1" />
          <FullName>HypeSoft.API.Controllers.CategoriesController</FullName>
          <Methods>
            <Method cyclomaticComplexity="1" nPathComplexity="1" sequenceCoverage="0" branchCoverage="100" isConstructor="True" isGetter="False" isSetter="False" isStatic="True">
              <Summary numSequencePoints="4" visitedSequencePoints="0" numBranchPoints="0" visitedBranchPoints="0" sequenceCoverage="0" branchCoverage="100" maxCyclomaticComplexity="1" minCyclomaticComplexity="1" visitedClasses="0" numClasses="0" visitedMethods="0" numMethods="1" />
              <MetadataToken />
              <Name>System.Void HypeSoft.API.Controllers.CategoriesController::.ctor(MediatR.IMediator)</Name>
              <FileRef uid="7" />
              <SequencePoints>
                <SequencePoint vc="0" uspid="21" ordinal="0" sl="21" sc="1" el="21" ec="2" bec="0" bev="0" fileid="7" />
                <SequencePoint vc="0" uspid="22" ordinal="1" sl="22" sc="1" el="22" ec="2" bec="0" bev="0" fileid="7" />
                <SequencePoint vc="0" uspid="23" ordinal="2" sl="23" sc="1" el="23" ec="2" bec="0" bev="0" fileid="7" />
                <SequencePoint vc="0" uspid="24" ordinal="3" sl="24" sc="1" el="24" ec="2" bec="0" bev="0" fileid="7" />
              </SequencePoints>
              <BranchPoints />
              <MethodPoint vc="0" uspid="0" p8:type="SequencePoint" ordinal="0" offset="0" sc="0" sl="21" ec="1" el="24" bec="0" bev="0" fileid="7" xmlns:p8="xsi" />
            </Method>
          </Methods>
        </Class>
        <Class>
          <Summary numSequencePoints="4" visitedSequencePoints="0" numBranchPoints="0" visitedBranchPoints="0" sequenceCoverage="0" branchCoverage="100" maxCyclomaticComplexity="1" minCyclomaticComplexity="1" visitedClasses="0" numClasses="1" visitedMethods="0" numMethods="1" />
          <FullName>HypeSoft.API.Controllers.CategoriesController/&lt;Create&gt;d__4</FullName>
          <Methods>
            <Method cyclomaticComplexity="1" nPathComplexity="1" sequenceCoverage="0" branchCoverage="100" isConstructor="False" isGetter="False" isSetter="False" isStatic="True">
              <Summary numSequencePoints="4" visitedSequencePoints="0" numBranchPoints="0" visitedBranchPoints="0" sequenceCoverage="0" branchCoverage="100" maxCyclomaticComplexity="1" minCyclomaticComplexity="1" visitedClasses="0" numClasses="0" visitedMethods="0" numMethods="1" />
              <MetadataToken />
              <Name>System.Void HypeSoft.API.Controllers.CategoriesController/&lt;Create&gt;d__4::MoveNext()</Name>
              <FileRef uid="7" />
              <SequencePoints>
                <SequencePoint vc="0" uspid="55" ordinal="0" sl="55" sc="1" el="55" ec="2" bec="0" bev="0" fileid="7" />
                <SequencePoint vc="0" uspid="56" ordinal="1" sl="56" sc="1" el="56" ec="2" bec="0" bev="0" fileid="7" />
                <SequencePoint vc="0" uspid="57" ordinal="2" sl="57" sc="1" el="57" ec="2" bec="0" bev="0" fileid="7" />
                <SequencePoint vc="0" uspid="58" ordinal="3" sl="58" sc="1" el="58" ec="2" bec="0" bev="0" fileid="7" />
              </SequencePoints>
              <BranchPoints />
              <MethodPoint vc="0" uspid="0" p8:type="SequencePoint" ordinal="0" offset="0" sc="0" sl="55" ec="1" el="58" bec="0" bev="0" fileid="7" xmlns:p8="xsi" />
            </Method>
          </Methods>
        </Class>
        <Class>
          <Summary numSequencePoints="8" visitedSequencePoints="0" numBranchPoints="0" visitedBranchPoints="0" sequenceCoverage="0" branchCoverage="100" maxCyclomaticComplexity="1" minCyclomaticComplexity="1" visitedClasses="0" numClasses="1" visitedMethods="0" numMethods="1" />
          <FullName>HypeSoft.API.Controllers.CategoriesController/&lt;Delete&gt;d__6</FullName>
          <Methods>
            <Method cyclomaticComplexity="1" nPathComplexity="1" sequenceCoverage="0" branchCoverage="100" isConstructor="False" isGetter="False" isSetter="False" isStatic="True">
              <Summary numSequencePoints="8" visitedSequencePoints="0" numBranchPoints="0" visitedBranchPoints="0" sequenceCoverage="0" branchCoverage="100" maxCyclomaticComplexity="1" minCyclomaticComplexity="1" visitedClasses="0" numClasses="0" visitedMethods="0" numMethods="1" />
              <MetadataToken />
              <Name>System.Void HypeSoft.API.Controllers.CategoriesController/&lt;Delete&gt;d__6::MoveNext()</Name>
              <FileRef uid="7" />
              <SequencePoints>
                <SequencePoint vc="0" uspid="84" ordinal="0" sl="84" sc="1" el="84" ec="2" bec="0" bev="0" fileid="7" />
                <SequencePoint vc="0" uspid="86" ordinal="1" sl="86" sc="1" el="86" ec="2" bec="0" bev="0" fileid="7" />
                <SequencePoint vc="0" uspid="87" ordinal="2" sl="87" sc="1" el="87" ec="2" bec="0" bev="0" fileid="7" />
                <SequencePoint vc="0" uspid="88" ordinal="3" sl="88" sc="1" el="88" ec="2" bec="0" bev="0" fileid="7" />
                <SequencePoint vc="0" uspid="90" ordinal="4" sl="90" sc="1" el="90" ec="2" bec="0" bev="0" fileid="7" />
                <SequencePoint vc="0" uspid="91" ordinal="5" sl="91" sc="1" el="91" ec="2" bec="0" bev="0" fileid="7" />
                <SequencePoint vc="0" uspid="92" ordinal="6" sl="92" sc="1" el="92" ec="2" bec="0" bev="0" fileid="7" />
                <SequencePoint vc="0" uspid="94" ordinal="7" sl="94" sc="1" el="94" ec="2" bec="0" bev="0" fileid="7" />
              </SequencePoints>
              <BranchPoints />
              <MethodPoint vc="0" uspid="0" p8:type="SequencePoint" ordinal="0" offset="0" sc="0" sl="84" ec="1" el="94" bec="0" bev="0" fileid="7" xmlns:p8="xsi" />
            </Method>
          </Methods>
        </Class>
        <Class>
          <Summary numSequencePoints="4" visitedSequencePoints="0" numBranchPoints="0" visitedBranchPoints="0" sequenceCoverage="0" branchCoverage="100" maxCyclomaticComplexity="1" minCyclomaticComplexity="1" visitedClasses="0" numClasses="1" visitedMethods="0" numMethods="1" />
          <FullName>HypeSoft.API.Controllers.CategoriesController/&lt;GetAll&gt;d__2</FullName>
          <Methods>
            <Method cyclomaticComplexity="1" nPathComplexity="1" sequenceCoverage="0" branchCoverage="100" isConstructor="False" isGetter="False" isSetter="False" isStatic="True">
              <Summary numSequencePoints="4" visitedSequencePoints="0" numBranchPoints="0" visitedBranchPoints="0" sequenceCoverage="0" branchCoverage="100" maxCyclomaticComplexity="1" minCyclomaticComplexity="1" visitedClasses="0" numClasses="0" visitedMethods="0" numMethods="1" />
              <MetadataToken />
              <Name>System.Void HypeSoft.API.Controllers.CategoriesController/&lt;GetAll&gt;d__2::MoveNext()</Name>
              <FileRef uid="7" />
              <SequencePoints>
                <SequencePoint vc="0" uspid="31" ordinal="0" sl="31" sc="1" el="31" ec="2" bec="0" bev="0" fileid="7" />
                <SequencePoint vc="0" uspid="32" ordinal="1" sl="32" sc="1" el="32" ec="2" bec="0" bev="0" fileid="7" />
                <SequencePoint vc="0" uspid="33" ordinal="2" sl="33" sc="1" el="33" ec="2" bec="0" bev="0" fileid="7" />
                <SequencePoint vc="0" uspid="34" ordinal="3" sl="34" sc="1" el="34" ec="2" bec="0" bev="0" fileid="7" />
              </SequencePoints>
              <BranchPoints />
              <MethodPoint vc="0" uspid="0" p8:type="SequencePoint" ordinal="0" offset="0" sc="0" sl="31" ec="1" el="34" bec="0" bev="0" fileid="7" xmlns:p8="xsi" />
            </Method>
          </Methods>
        </Class>
        <Class>
          <Summary numSequencePoints="6" visitedSequencePoints="0" numBranchPoints="2" visitedBranchPoints="0" sequenceCoverage="0" branchCoverage="0" maxCyclomaticComplexity="2" minCyclomaticComplexity="2" visitedClasses="0" numClasses="1" visitedMethods="0" numMethods="1" />
          <FullName>HypeSoft.API.Controllers.CategoriesController/&lt;GetById&gt;d__3</FullName>
          <Methods>
            <Method cyclomaticComplexity="2" nPathComplexity="2" sequenceCoverage="0" branchCoverage="0" isConstructor="False" isGetter="False" isSetter="False" isStatic="True">
              <Summary numSequencePoints="6" visitedSequencePoints="0" numBranchPoints="2" visitedBranchPoints="0" sequenceCoverage="0" branchCoverage="0" maxCyclomaticComplexity="2" minCyclomaticComplexity="2" visitedClasses="0" numClasses="0" visitedMethods="0" numMethods="1" />
              <MetadataToken />
              <Name>System.Void HypeSoft.API.Controllers.CategoriesController/&lt;GetById&gt;d__3::MoveNext()</Name>
              <FileRef uid="7" />
              <SequencePoints>
                <SequencePoint vc="0" uspid="41" ordinal="0" sl="41" sc="1" el="41" ec="2" bec="0" bev="0" fileid="7" />
                <SequencePoint vc="0" uspid="42" ordinal="1" sl="42" sc="1" el="42" ec="2" bec="0" bev="0" fileid="7" />
                <SequencePoint vc="0" uspid="43" ordinal="2" sl="43" sc="1" el="43" ec="2" bec="2" bev="0" fileid="7" />
                <SequencePoint vc="0" uspid="44" ordinal="3" sl="44" sc="1" el="44" ec="2" bec="0" bev="0" fileid="7" />
                <SequencePoint vc="0" uspid="46" ordinal="4" sl="46" sc="1" el="46" ec="2" bec="0" bev="0" fileid="7" />
                <SequencePoint vc="0" uspid="47" ordinal="5" sl="47" sc="1" el="47" ec="2" bec="0" bev="0" fileid="7" />
              </SequencePoints>
              <BranchPoints>
                <BranchPoint vc="0" uspid="43" ordinal="0" path="0" offset="182" offsetend="184" sl="43" fileid="7" />
                <BranchPoint vc="0" uspid="43" ordinal="1" path="1" offset="182" offsetend="229" sl="43" fileid="7" />
              </BranchPoints>
              <MethodPoint vc="0" uspid="0" p8:type="SequencePoint" ordinal="0" offset="0" sc="0" sl="41" ec="1" el="47" bec="0" bev="0" fileid="7" xmlns:p8="xsi" />
            </Method>
          </Methods>
        </Class>
[...]
                <SequencePoint vc="0" uspid="12" ordinal="1" sl="12" sc="1" el="12" ec="2" bec="0" bev="0" fileid="78" />
                <SequencePoint vc="0" uspid="13" ordinal="2" sl="13" sc="1" el="13" ec="2" bec="0" bev="0" fileid="78" />
                <SequencePoint vc="0" uspid="14" ordinal="3" sl="14" sc="1" el="14" ec="2" bec="0" bev="0" fileid="78" />
                <SequencePoint vc="0" uspid="15" ordinal="4" sl="15" sc="1" el="15" ec="2" bec="0" bev="0" fileid="78" />
              </SequencePoints>
              <BranchPoints />
              <MethodPoint vc="0" uspid="0" p8:type="SequencePoint" ordinal="2" offset="2" sc="0" sl="11" ec="1" el="15" bec="0" bev="0" fileid="78" xmlns:p8="xsi" />
            </Method>
          </Methods>
        </Class>
        <Class>
          <Summary numSequencePoints="2" visitedSequencePoints="0" numBranchPoints="0" visitedBranchPoints="0" sequenceCoverage="0" branchCoverage="100" maxCyclomaticComplexity="1" minCyclomaticComplexity="1" visitedClasses="0" numClasses="1" visitedMethods="0" numMethods="2" />
          <FullName>HypeSoft.Infraestructure.Data.MongoDbSettings</FullName>
          <Methods>
            <Method cyclomaticComplexity="1" nPathComplexity="1" sequenceCoverage="0" branchCoverage="100" isConstructor="False" isGetter="True" isSetter="False" isStatic="True">
              <Summary numSequencePoints="1" visitedSequencePoints="0" numBranchPoints="0" visitedBranchPoints="0" sequenceCoverage="0" branchCoverage="100" maxCyclomaticComplexity="1" minCyclomaticComplexity="1" visitedClasses="0" numClasses="0" visitedMethods="0" numMethods="1" />
              <MetadataToken />
              <Name>System.String HypeSoft.Infraestructure.Data.MongoDbSettings::get_ConnectionString()</Name>
              <FileRef uid="78" />
              <SequencePoints>
                <SequencePoint vc="0" uspid="23" ordinal="0" sl="23" sc="1" el="23" ec="2" bec="0" bev="0" fileid="78" />
              </SequencePoints>
              <BranchPoints />
              <MethodPoint vc="0" uspid="0" p8:type="SequencePoint" ordinal="0" offset="0" sc="0" sl="23" ec="1" el="23" bec="0" bev="0" fileid="78" xmlns:p8="xsi" />
            </Method>
            <Method cyclomaticComplexity="1" nPathComplexity="1" sequenceCoverage="0" branchCoverage="100" isConstructor="False" isGetter="True" isSetter="False" isStatic="True">
              <Summary numSequencePoints="1" visitedSequencePoints="0" numBranchPoints="0" visitedBranchPoints="0" sequenceCoverage="0" branchCoverage="100" maxCyclomaticComplexity="1" minCyclomaticComplexity="1" visitedClasses="0" numClasses="0" visitedMethods="0" numMethods="1" />
              <MetadataToken />
              <Name>System.String HypeSoft.Infraestructure.Data.MongoDbSettings::get_DatabaseName()</Name>
              <FileRef uid="78" />
              <SequencePoints>
                <SequencePoint vc="0" uspid="24" ordinal="0" sl="24" sc="1" el="24" ec="2" bec="0" bev="0" fileid="78" />
              </SequencePoints>
              <BranchPoints />
              <MethodPoint vc="0" uspid="0" p8:type="SequencePoint" ordinal="1" offset="1" sc="0" sl="24" ec="1" el="24" bec="0" bev="0" fileid="78" xmlns:p8="xsi" />
            </Method>
          </Methods>
        </Class>
        <Class>
          <Summary numSequencePoints="37" visitedSequencePoints="0" numBranchPoints="0" visitedBranchPoints="0" sequenceCoverage="0" branchCoverage="100" maxCyclomaticComplexity="1" minCyclomaticComplexity="1" visitedClasses="0" numClasses="1" visitedMethods="0" numMethods="1" />
          <FullName>HypeSoft.Infraestructure.Data.MongoDbIndexes/&lt;CreateIndexesAsync&gt;d__0</FullName>
          <Methods>
            <Method cyclomaticComplexity="1" nPathComplexity="1" sequenceCoverage="0" branchCoverage="100" isConstructor="False" isGetter="False" isSetter="False" isStatic="True">
              <Summary numSequencePoints="37" visitedSequencePoints="0" numBranchPoints="0" visitedBranchPoints="0" sequenceCoverage="0" branchCoverage="100" maxCyclomaticComplexity="1" minCyclomaticComplexity="1" visitedClasses="0" numClasses="0" visitedMethods="0" numMethods="1" />
              <MetadataToken />
              <Name>System.Void HypeSoft.Infraestructure.Data.MongoDbIndexes/&lt;CreateIndexesAsync&gt;d__0::MoveNext()</Name>
              <FileRef uid="79" />
              <SequencePoints>
                <SequencePoint vc="0" uspid="9" ordinal="0" sl="9" sc="1" el="9" ec="2" bec="0" bev="0" fileid="79" />
                <SequencePoint vc="0" uspid="11" ordinal="1" sl="11" sc="1" el="11" ec="2" bec="0" bev="0" fileid="79" />
                <SequencePoint vc="0" uspid="12" ordinal="2" sl="12" sc="1" el="12" ec="2" bec="0" bev="0" fileid="79" />
                <SequencePoint vc="0" uspid="13" ordinal="3" sl="13" sc="1" el="13" ec="2" bec="0" bev="0" fileid="79" />
                <SequencePoint vc="0" uspid="14" ordinal="4" sl="14" sc="1" el="14" ec="2" bec="0" bev="0" fileid="79" />
                <SequencePoint vc="0" uspid="15" ordinal="5" sl="15" sc="1" el="15" ec="2" bec="0" bev="0" fileid="79" />
                <SequencePoint vc="0" uspid="16" ordinal="6" sl="16" sc="1" el="16" ec="2" bec="0" bev="0" fileid="79" />
                <SequencePoint vc="0" uspid="17" ordinal="7" sl="17" sc="1" el="17" ec="2" bec="0" bev="0" fileid="79" />
                <SequencePoint vc="0" uspid="18" ordinal="8" sl="18" sc="1" el="18" ec="2" bec="0" bev="0" fileid="79" />
                <SequencePoint vc="0" uspid="19" ordinal="9" sl="19" sc="1" el="19" ec="2" bec="0" bev="0" fileid="79" />
                <SequencePoint vc="0" uspid="20" ordinal="10" sl="20" sc="1" el="20" ec="2" bec="0" bev="0" fileid="79" />
                <SequencePoint vc="0" uspid="21" ordinal="11" sl="21" sc="1" el="21" ec="2" bec="0" bev="0" fileid="79" />
                <SequencePoint vc="0" uspid="22" ordinal="12" sl="22" sc="1" el="22" ec="2" bec="0" bev="0" fileid="79" />
                <SequencePoint vc="0" uspid="23" ordinal="13" sl="23" sc="1" el="23" ec="2" bec="0" bev="0" fileid="79" />
                <SequencePoint vc="0" uspid="24" ordinal="14" sl="24" sc="1" el="24" ec="2" bec="0" bev="0" fileid="79" />
                <SequencePoint vc="0" uspid="25" ordinal="15" sl="25" sc="1" el="25" ec="2" bec="0" bev="0" fileid="79" />
                <SequencePoint vc="0" uspid="26" ordinal="16" sl="26" sc="1" el="26" ec="2" bec="0" bev="0" fileid="79" />
                <SequencePoint vc="0" uspid="27" ordinal="17" sl="27" sc="1" el="27" ec="2" bec="0" bev="0" fileid="79" />
                <SequencePoint vc="0" uspid="28" ordinal="18" sl="28" sc="1" el="28" ec="2" bec="0" bev="0" fileid="79" />
                <SequencePoint vc="0" uspid="29" ordinal="19" sl="29" sc="1" el="29" ec="2" bec="0" bev="0" fileid="79" />
                <SequencePoint vc="0" uspid="30" ordinal="20" sl="30" sc="1" el="30" ec="2" bec="0" bev="0" fileid="79" />
                <SequencePoint vc="0" uspid="31" ordinal="21" sl="31" sc="1" el="31" ec="2" bec="0" bev="0" fileid="79" />
                <SequencePoint vc="0" uspid="32" ordinal="22" sl="32" sc="1" el="32" ec="2" bec="0" bev="0" fileid="79" />
                <SequencePoint vc="0" uspid="33" ordinal="23" sl="33" sc="1" el="33" ec="2" bec="0" bev="0" fileid="79" />
                <SequencePoint vc="0" uspid="34" ordinal="24" sl="34" sc="1" el="34" ec="2" bec="0" bev="0" fileid="79" />
                <SequencePoint vc="0" uspid="35" ordinal="25" sl="35" sc="1" el="35" ec="2" bec="0" bev="0" fileid="79" />
                <SequencePoint vc="0" uspid="37" ordinal="26" sl="37" sc="1" el="37" ec="2" bec="0" bev="0" fileid="79" />
                <SequencePoint vc="0" uspid="40" ordinal="27" sl="40" sc="1" el="40" ec="2" bec="0" bev="0" fileid="79" />
                <SequencePoint vc="0" uspid="41" ordinal="28" sl="41" sc="1" el="41" ec="2" bec="0" bev="0" fileid="79" />
                <SequencePoint vc="0" uspid="42" ordinal="29" sl="42" sc="1" el="42" ec="2" bec="0" bev="0" fileid="79" />
                <SequencePoint vc="0" uspid="43" ordinal="30" sl="43" sc="1" el="43" ec="2" bec="0" bev="0" fileid="79" />
                <SequencePoint vc="0" uspid="44" ordinal="31" sl="44" sc="1" el="44" ec="2" bec="0" bev="0" fileid="79" />
                <SequencePoint vc="0" uspid="45" ordinal="32" sl="45" sc="1" el="45" ec="2" bec="0" bev="0" fileid="79" />
                <SequencePoint vc="0" uspid="46" ordinal="33" sl="46" sc="1" el="46" ec="2" bec="0" bev="0" fileid="79" />
                <SequencePoint vc="0" uspid="47" ordinal="34" sl="47" sc="1" el="47" ec="2" bec="0" bev="0" fileid="79" />
                <SequencePoint vc="0" uspid="49" ordinal="35" sl="49" sc="1" el="49" ec="2" bec="0" bev="0" fileid="79" />
                <SequencePoint vc="0" uspid="50" ordinal="36" sl="50" sc="1" el="50" ec="2" bec="0" bev="0" fileid="79" />
              </SequencePoints>
              <BranchPoints />
              <MethodPoint vc="0" uspid="0" p8:type="SequencePoint" ordinal="0" offset="0" sc="0" sl="9" ec="1" el="50" bec="0" bev="0" fileid="79" xmlns:p8="xsi" />
            </Method>
          </Methods>
        </Class>
        <Class>
          <Summary numSequencePoints="12" visitedSequencePoints="0" numBranchPoints="0" visitedBranchPoints="0" sequenceCoverage="0" branchCoverage="100" maxCyclomaticComplexity="1" minCyclomaticComplexity="1" visitedClasses="0" numClasses="1" visitedMethods="0" numMethods="2" />
          <FullName>HypeSoft.Infraestructure.Caching.RedisCacheService</FullName>
          <Methods>
            <Method cyclomaticComplexity="1" nPathComplexity="1" sequenceCoverage="0" branchCoverage="100" isConstructor="False" isGetter="False" isSetter="False" isStatic="True">
              <Summary numSequencePoints="3" visitedSequencePoints="0" numBranchPoints="0" visitedBranchPoints="0" sequenceCoverage="0" branchCoverage="100" maxCyclomaticComplexity="1" minCyclomaticComplexity="1" visitedClasses="0" numClasses="0" visitedMethods="0" numMethods="1" />
              <MetadataToken />
              <Name>System.Threading.Tasks.Task HypeSoft.Infraestructure.Caching.RedisCacheService::RemoveByPrefixAsync(System.String,System.Threading.CancellationToken)</Name>
              <FileRef uid="80" />
              <SequencePoints>
                <SequencePoint vc="0" uspid="50" ordinal="0" sl="50" sc="1" el="50" ec="2" bec="0" bev="0" fileid="80" />
                <SequencePoint vc="0" uspid="53" ordinal="1" sl="53" sc="1" el="53" ec="2" bec="0" bev="0" fileid="80" />
                <SequencePoint vc="0" uspid="54" ordinal="2" sl="54" sc="1" el="54" ec="2" bec="0" bev="0" fileid="80" />
              </SequencePoints>
              <BranchPoints />
              <MethodPoint vc="0" uspid="0" p8:type="SequencePoint" ordinal="0" offset="0" sc="0" sl="50" ec="1" el="54" bec="0" bev="0" fileid="80" xmlns:p8="xsi" />
            </Method>
            <Method cyclomaticComplexity="1" nPathComplexity="1" sequenceCoverage="0" branchCoverage="100" isConstructor="True" isGetter="False" isSetter="False" isStatic="True">
              <Summary numSequencePoints="9" visitedSequencePoints="0" numBranchPoints="0" visitedBranchPoints="0" sequenceCoverage="0" branchCoverage="100" maxCyclomaticComplexity="1" minCyclomaticComplexity="1" visitedClasses="0" numClasses="0" visitedMethods="0" numMethods="1" />
              <MetadataToken />
              <Name>System.Void HypeSoft.Infraestructure.Caching.RedisCacheService::.ctor(Microsoft.Extensions.Caching.Distributed.IDistributedCache)</Name>
              <FileRef uid="80" />
              <SequencePoints>
                <SequencePoint vc="0" uspid="12" ordinal="0" sl="12" sc="1" el="12" ec="2" bec="0" bev="0" fileid="80" />
                <SequencePoint vc="0" uspid="13" ordinal="1" sl="13" sc="1" el="13" ec="2" bec="0" bev="0" fileid="80" />
                <SequencePoint vc="0" uspid="14" ordinal="2" sl="14" sc="1" el="14" ec="2" bec="0" bev="0" fileid="80" />
                <SequencePoint vc="0" uspid="15" ordinal="3" sl="15" sc="1" el="15" ec="2" bec="0" bev="0" fileid="80" />
                <SequencePoint vc="0" uspid="16" ordinal="4" sl="16" sc="1" el="16" ec="2" bec="0" bev="0" fileid="80" />
                <SequencePoint vc="0" uspid="17" ordinal="5" sl="17" sc="1" el="17" ec="2" bec="0" bev="0" fileid="80" />
                <SequencePoint vc="0" uspid="18" ordinal="6" sl="18" sc="1" el="18" ec="2" bec="0" bev="0" fileid="80" />
                <SequencePoint vc="0" uspid="19" ordinal="7" sl="19" sc="1" el="19" ec="2" bec="0" bev="0" fileid="80" />
                <SequencePoint vc="0" uspid="20" ordinal="8" sl="20" sc="1" el="20" ec="2" bec="0" bev="0" fileid="80" />
              </SequencePoints>
              <BranchPoints />
              <MethodPoint vc="0" uspid="0" p8:type="SequencePoint" ordinal="1" offset="1" sc="0" sl="12" ec="1" el="20" bec="0" bev="0" fileid="80" xmlns:p8="xsi" />
            </Method>
          </Methods>
        </Class>
        <Class>
          <Summary numSequencePoints="6" visitedSequencePoints="0" numBranchPoints="2" visitedBranchPoints="0" sequenceCoverage="0" branchCoverage="0" maxCyclomaticComplexity="2" minCyclomaticComplexity="2" visitedClasses="0" numClasses="1" visitedMethods="0" numMethods="1" />
          <FullName>HypeSoft.Infraestructure.Caching.RedisCacheService/&lt;GetAsync&gt;d__3`1</FullName>
          <Methods>
            <Method cyclomaticComplexity="2" nPathComplexity="2" sequenceCoverage="0" branchCoverage="0" isConstructor="False" isGetter="False" isSetter="False" isStatic="True">
              <Summary numSequencePoints="6" visitedSequencePoints="0" numBranchPoints="2" visitedBranchPoints="0" sequenceCoverage="0" branchCoverage="0" maxCyclomaticComplexity="2" minCyclomaticComplexity="2" visitedClasses="0" numClasses="0" visitedMethods="0" numMethods="1" />
              <MetadataToken />
              <Name>System.Void HypeSoft.Infraestructure.Caching.RedisCacheService/&lt;GetAsync&gt;d__3`1::MoveNext()</Name>
              <FileRef uid="80" />
              <SequencePoints>
                <SequencePoint vc="0" uspid="23" ordinal="0" sl="23" sc="1" el="23" ec="2" bec="0" bev="0" fileid="80" />
                <SequencePoint vc="0" uspid="24" ordinal="1" sl="24" sc="1" el="24" ec="2" bec="0" bev="0" fileid="80" />
                <SequencePoint vc="0" uspid="26" ordinal="2" sl="26" sc="1" el="26" ec="2" bec="2" bev="0" fileid="80" />
                <SequencePoint vc="0" uspid="27" ordinal="3" sl="27" sc="1" el="27" ec="2" bec="0" bev="0" fileid="80" />
                <SequencePoint vc="0" uspid="29" ordinal="4" sl="29" sc="1" el="29" ec="2" bec="0" bev="0" fileid="80" />
                <SequencePoint vc="0" uspid="30" ordinal="5" sl="30" sc="1" el="30" ec="2" bec="0" bev="0" fileid="80" />
              </SequencePoints>
              <BranchPoints>
                <BranchPoint vc="0" uspid="26" ordinal="0" path="0" offset="172" offsetend="174" sl="26" fileid="80" />
                <BranchPoint vc="0" uspid="26" ordinal="1" path="1" offset="172" offsetend="184" sl="26" fileid="80" />
              </BranchPoints>
              <MethodPoint vc="0" uspid="0" p8:type="SequencePoint" ordinal="0" offset="0" sc="0" sl="23" ec="1" el="30" bec="0" bev="0" fileid="80" xmlns:p8="xsi" />
            </Method>
          </Methods>
        </Class>
        <Class>
          <Summary numSequencePoints="3" visitedSequencePoints="0" numBranchPoints="0" visitedBranchPoints="0" sequenceCoverage="0" branchCoverage="100" maxCyclomaticComplexity="1" minCyclomaticComplexity="1" visitedClasses="0" numClasses="1" visitedMethods="0" numMethods="1" />
          <FullName>HypeSoft.Infraestructure.Caching.RedisCacheService/&lt;RemoveAsync&gt;d__5</FullName>
          <Methods>
            <Method cyclomaticComplexity="1" nPathComplexity="1" sequenceCoverage="0" branchCoverage="100" isConstructor="False" isGetter="False" isSetter="False" isStatic="True">
              <Summary numSequencePoints="3" visitedSequencePoints="0" numBranchPoints="0" visitedBranchPoints="0" sequenceCoverage="0" branchCoverage="100" maxCyclomaticComplexity="1" minCyclomaticComplexity="1" visitedClasses="0" numClasses="0" visitedMethods="0" numMethods="1" />
              <MetadataToken />
              <Name>System.Void HypeSoft.Infraestructure.Caching.RedisCacheService/&lt;RemoveAsync&gt;d__5::MoveNext()</Name>
              <FileRef uid="80" />
              <SequencePoints>
                <SequencePoint vc="0" uspid="45" ordinal="0" sl="45" sc="1" el="45" ec="2" bec="0" bev="0" fileid="80" />
                <SequencePoint vc="0" uspid="46" ordinal="1" sl="46" sc="1" el="46" ec="2" bec="0" bev="0" fileid="80" />
                <SequencePoint vc="0" uspid="47" ordinal="2" sl="47" sc="1" el="47" ec="2" bec="0" bev="0" fileid="80" />
              </SequencePoints>
              <BranchPoints />
              <MethodPoint vc="0" uspid="0" p8:type="SequencePoint" ordinal="0" offset="0" sc="0" sl="45" ec="1" el="47" bec="0" bev="0" fileid="80" xmlns:p8="xsi" />
            </Method>
          </Methods>
        </Class>
        <Class>
          <Summary numSequencePoints="8" visitedSequencePoints="0" numBranchPoints="2" visitedBranchPoints="0" sequenceCoverage="0" branchCoverage="0" maxCyclomaticComplexity="2" minCyclomaticComplexity="2" visitedClasses="0" numClasses="1" visitedMethods="0" numMethods="1" />
          <FullName>HypeSoft.Infraestructure.Caching.RedisCacheService/&lt;SetAsync&gt;d__4`1</FullName>
          <Methods>
            <Method cyclomaticComplexity="2" nPathComplexity="2" sequenceCoverage="0" branchCoverage="0" isConstructor="False" isGetter="False" isSetter="False" isStatic="True">
              <Summary numSequencePoints="8" visitedSequencePoints="0" numBranchPoints="2" visitedBranchPoints="0" sequenceCoverage="0" branchCoverage="0" maxCyclomaticComplexity="2" minCyclomaticComplexity="2" visitedClasses="0" numClasses="0" visitedMethods="0" numMethods="1" />
              <MetadataToken />
              <Name>System.Void HypeSoft.Infraestructure.Caching.RedisCacheService/&lt;SetAsync&gt;d__4`1::MoveNext()</Name>
              <FileRef uid="80" />
              <SequencePoints>
                <SequencePoint vc="0" uspid="33" ordinal="0" sl="33" sc="1" el="33" ec="2" bec="0" bev="0" fileid="80" />
                <SequencePoint vc="0" uspid="34" ordinal="1" sl="34" sc="1" el="34" ec="2" bec="0" bev="0" fileid="80" />
                <SequencePoint vc="0" uspid="36" ordinal="2" sl="36" sc="1" el="36" ec="2" bec="2" bev="0" fileid="80" />
                <SequencePoint vc="0" uspid="37" ordinal="3" sl="37" sc="1" el="37" ec="2" bec="0" bev="0" fileid="80" />
                <SequencePoint vc="0" uspid="38" ordinal="4" sl="38" sc="1" el="38" ec="2" bec="0" bev="0" fileid="80" />
                <SequencePoint vc="0" uspid="39" ordinal="5" sl="39" sc="1" el="39" ec="2" bec="0" bev="0" fileid="80" />
                <SequencePoint vc="0" uspid="41" ordinal="6" sl="41" sc="1" el="41" ec="2" bec="0" bev="0" fileid="80" />
                <SequencePoint vc="0" uspid="42" ordinal="7" sl="42" sc="1" el="42" ec="2" bec="0" bev="0" fileid="80" />
              </SequencePoints>
              <BranchPoints>
                <BranchPoint vc="0" uspid="36" ordinal="0" path="0" offset="67" offsetend="69" sl="36" fileid="80" />
                <BranchPoint vc="0" uspid="36" ordinal="1" path="1" offset="67" offsetend="78" sl="36" fileid="80" />
              </BranchPoints>
              <MethodPoint vc="0" uspid="0" p8:type="SequencePoint" ordinal="0" offset="0" sc="0" sl="33" ec="1" el="42" bec="0" bev="0" fileid="80" xmlns:p8="xsi" />
            </Method>
          </Methods>
        </Class>
      </Classes>
    </Module>
  </Modules>
</CoverageSession>